Sun May  6 15:30:33 2018(628)-> ProtectionMerge: postponing merge until first XPC message for CPU boost
Mon May  7 12:43:28 2018(365)-> ProtectionMerge: postponing merge until first XPC message for CPU boost
Wed May  9 19:09:01 2018(306)-> ProtectionMerge: postponing merge until first XPC message for CPU boost
Mon May 14 19:06:47 2018(334)-> ProtectionMerge: postponing merge until first XPC message for CPU boost
Sun Jul  1 18:02:43 2018(309)-> ProtectionMerge: postponing merge until first XPC message for CPU boost
Sun Jul  1 18:08:23 2018(276)-> ProtectionMerge: postponing merge until first XPC message for CPU boost
Sun Jul  1 19:28:39 2018(321)-> ProtectionMerge: postponing merge until first XPC message for CPU boost
Sun Jul  1 22:19:10 2018(305)-> ProtectionMerge: postponing merge until first XPC message for CPU boost
Mon Jul  2 01:48:30 2018(340)-> ProtectionMerge: postponing merge until first XPC message for CPU boost
Mon Jul  2 12:15:07 2018(443)-> ProtectionMerge: postponing merge until first XPC message for CPU boost
Mon Jul  2 18:50:29 2018(365)-> ProtectionMerge: postponing merge until first XPC message for CPU boost
Tue Jul  3 23:10:28 2018(297)-> ProtectionMerge: postponing merge until first XPC message for CPU boost
Wed Jul  4 13:42:28 2018(296)-> ProtectionMerge: postponing merge until first XPC message for CPU boost
Thu Jul  5 14:17:05 2018(293)-> ProtectionMerge: postponing merge until first XPC message for CPU boost
Thu Jul  5 16:49:48 2018(293)-> ProtectionMerge: postponing merge until first XPC message for CPU boost
Fri Jul  6 16:43:15 2018(296)-> ProtectionMerge: postponing merge until first XPC message for CPU boost
Mon Jul  9 17:51:17 2018(296)-> ProtectionMerge: postponing merge until first XPC message for CPU boost
Tue Jul 10 12:35:21 2018(309)-> ProtectionMerge: postponing merge until first XPC message for CPU boost
Fri Jul 13 18:00:09 2018(286)-> ProtectionMerge: postponing merge until first XPC message for CPU boost
Sun Jul 15 10:22:37 2018(351)-> ProtectionMerge: postponing merge until first XPC message for CPU boost
Tue Jul 17 12:23:57 2018(297)-> ProtectionMerge: postponing merge until first XPC message for CPU boost
Tue Jul 17 16:47:18 2018(289)-> ProtectionMerge: postponing merge until first XPC message for CPU boost
Wed Jul 18 11:50:03 2018(295)-> ProtectionMerge: postponing merge until first XPC message for CPU boost
Wed Jul 18 22:54:15 2018(294)-> ProtectionMerge: postponing merge until first XPC message for CPU boost
Thu Jul 19 13:10:49 2018(294)-> ProtectionMerge: postponing merge until first XPC message for CPU boost
Sat Jul 21 14:33:03 2018(292)-> ProtectionMerge: postponing merge until first XPC message for CPU boost
Sun Jul 22 11:57:01 2018(292)-> ProtectionMerge: postponing merge until first XPC message for CPU boost
Sun Jul 22 15:14:22 2018(294)-> ProtectionMerge: postponing merge until first XPC message for CPU boost
Sun Jul 22 20:28:08 2018(296)-> ProtectionMerge: postponing merge until first XPC message for CPU boost
Tue Jul 24 16:36:48 2018(293)-> ProtectionMerge: postponing merge until first XPC message for CPU boost
Tue Jul 24 18:03:08 2018(297)-> ProtectionMerge: postponing merge until first XPC message for CPU boost
Wed Jul 25 11:43:39 2018(304)-> ProtectionMerge: postponing merge until first XPC message for CPU boost
Wed Jul 25 16:00:38 2018(293)-> ProtectionMerge: postponing merge until first XPC message for CPU boost
Fri Jul 27 11:55:34 2018(289)-> ProtectionMerge: postponing merge until first XPC message for CPU boost
Fri Jul 27 12:25:11 2018(291)-> ProtectionMerge: postponing merge until first XPC message for CPU boost
Fri Jul 27 17:18:23 2018(290)-> ProtectionMerge: postponing merge until first XPC message for CPU boost
Sat Jul 28 10:59:35 2018(295)-> ProtectionMerge: postponing merge until first XPC message for CPU boost
Mon Jul 30 12:16:14 2018(294)-> ProtectionMerge: postponing merge until first XPC message for CPU boost
Wed Aug  1 12:43:21 2018(294)-> ProtectionMerge: postponing merge until first XPC message for CPU boost
Wed Aug  1 17:58:18 2018(293)-> ProtectionMerge: postponing merge until first XPC message for CPU boost
Wed Aug  1 22:53:36 2018(295)-> ProtectionMerge: postponing merge until first XPC message for CPU boost
Thu Aug  2 11:09:11 2018(296)-> ProtectionMerge: postponing merge until first XPC message for CPU boost
Fri Aug  3 12:04:12 2018(295)-> ProtectionMerge: postponing merge until first XPC message for CPU boost
Sat Aug  4 00:18:33 2018(289)-> ProtectionMerge: postponing merge until first XPC message for CPU boost
Sat Aug  4 14:53:57 2018(311)-> ProtectionMerge: postponing merge until first XPC message for CPU boost
Sun Aug  5 13:18:09 2018(302)-> ProtectionMerge: postponing merge until first XPC message for CPU boost
Mon Aug  6 11:39:15 2018(290)-> ProtectionMerge: postponing merge until first XPC message for CPU boost
Wed Aug  8 11:50:21 2018(291)-> ProtectionMerge: postponing merge until first XPC message for CPU boost
Wed Aug  8 15:26:17 2018(290)-> ProtectionMerge: postponing merge until first XPC message for CPU boost
Thu Aug  9 00:04:46 2018(294)-> ProtectionMerge: postponing merge until first XPC message for CPU boost
Thu Aug  9 12:25:49 2018(296)-> ProtectionMerge: postponing merge until first XPC message for CPU boost
Fri Aug 10 14:41:12 2018(291)-> ProtectionMerge: postponing merge until first XPC message for CPU boost
Sat Aug 11 18:33:28 2018(298)-> ProtectionMerge: postponing merge until first XPC message for CPU boost
Sun Aug 12 12:29:52 2018(291)-> ProtectionMerge: postponing merge until first XPC message for CPU boost
Sun Aug 12 19:36:36 2018(290)-> ProtectionMerge: postponing merge until first XPC message for CPU boost
Mon Aug 13 20:37:34 2018(304)-> ProtectionMerge: postponing merge until first XPC message for CPU boost
Wed Aug 15 11:45:06 2018(301)-> ProtectionMerge: postponing merge until first XPC message for CPU boost
Wed Aug 15 15:45:13 2018(302)-> ProtectionMerge: postponing merge until first XPC message for CPU boost
Wed Aug 15 17:48:29 2018(302)-> ProtectionMerge: postponing merge until first XPC message for CPU boost
Wed Aug 15 22:38:25 2018(298)-> ProtectionMerge: postponing merge until first XPC message for CPU boost
Thu Aug 16 11:52:44 2018(306)-> ProtectionMerge: postponing merge until first XPC message for CPU boost
Thu Aug 16 22:17:37 2018(302)-> ProtectionMerge: postponing merge until first XPC message for CPU boost
Fri Aug 17 10:17:50 2018(304)-> ProtectionMerge: postponing merge until first XPC message for CPU boost
Sat Aug 18 14:59:04 2018(300)-> ProtectionMerge: postponing merge until first XPC message for CPU boost
Sun Aug 19 13:59:50 2018(298)-> ProtectionMerge: postponing merge until first XPC message for CPU boost
Mon Aug 20 09:49:10 2018(309)-> ProtectionMerge: postponing merge until first XPC message for CPU boost
Mon Aug 20 11:58:16 2018(298)-> ProtectionMerge: postponing merge until first XPC message for CPU boost
Tue Aug 21 07:54:30 2018(302)-> ProtectionMerge: postponing merge until first XPC message for CPU boost
Wed Aug 22 09:05:20 2018(301)-> ProtectionMerge: postponing merge until first XPC message for CPU boost
Thu Aug 23 08:25:12 2018(301)-> ProtectionMerge: postponing merge until first XPC message for CPU boost
Thu Aug 23 12:35:29 2018(300)-> ProtectionMerge: postponing merge until first XPC message for CPU boost
Fri Aug 24 14:40:21 2018(331)-> ProtectionMerge: postponing merge until first XPC message for CPU boost
Sat Aug 25 12:44:04 2018(301)-> ProtectionMerge: postponing merge until first XPC message for CPU boost
Mon Aug 27 09:23:04 2018(290)-> ProtectionMerge: postponing merge until first XPC message for CPU boost
Mon Aug 27 11:30:05 2018(303)-> ProtectionMerge: postponing merge until first XPC message for CPU boost
Mon Aug 27 21:29:09 2018(303)-> ProtectionMerge: postponing merge until first XPC message for CPU boost
Tue Aug 28 08:22:48 2018(296)-> ProtectionMerge: postponing merge until first XPC message for CPU boost
Tue Aug 28 22:06:11 2018(299)-> ProtectionMerge: postponing merge until first XPC message for CPU boost
Wed Aug 29 08:51:06 2018(303)-> ProtectionMerge: postponing merge until first XPC message for CPU boost
Wed Aug 29 16:05:56 2018(307)-> ProtectionMerge: postponing merge until first XPC message for CPU boost
Thu Aug 30 08:15:50 2018(299)-> ProtectionMerge: postponing merge until first XPC message for CPU boost
Fri Aug 31 10:09:01 2018(298)-> ProtectionMerge: postponing merge until first XPC message for CPU boost
Sat Sep  1 13:28:35 2018(307)-> ProtectionMerge: postponing merge until first XPC message for CPU boost
Sun Sep  2 11:39:46 2018(300)-> ProtectionMerge: postponing merge until first XPC message for CPU boost
Mon Sep  3 14:57:00 2018(315)-> ProtectionMerge: postponing merge until first XPC message for CPU boost
Tue Sep  4 13:59:22 2018(325)-> ProtectionMerge: postponing merge until first XPC message for CPU boost
Wed Sep  5 08:44:13 2018(312)-> ProtectionMerge: postponing merge until first XPC message for CPU boost
Wed Sep  5 16:39:12 2018(321)-> ProtectionMerge: postponing merge until first XPC message for CPU boost
Thu Sep  6 08:19:28 2018(316)-> ProtectionMerge: postponing merge until first XPC message for CPU boost
Thu Sep  6 16:04:27 2018(326)-> ProtectionMerge: postponing merge until first XPC message for CPU boost
Fri Sep  7 14:43:27 2018(309)-> ProtectionMerge: postponing merge until first XPC message for CPU boost
Sat Sep  8 09:40:01 2018(315)-> ProtectionMerge: postponing merge until first XPC message for CPU boost
Sat Sep  8 17:28:40 2018(315)-> ProtectionMerge: postponing merge until first XPC message for CPU boost
Sun Sep  9 00:29:10 2018(313)-> ProtectionMerge: postponing merge until first XPC message for CPU boost
Mon Sep 10 00:05:15 2018(326)-> ProtectionMerge: postponing merge until first XPC message for CPU boost
Mon Sep 10 09:13:57 2018(314)-> ProtectionMerge: postponing merge until first XPC message for CPU boost
Mon Sep 10 11:35:16 2018(341)-> ProtectionMerge: postponing merge until first XPC message for CPU boost
Wed Sep 12 09:20:44 2018(309)-> ProtectionMerge: postponing merge until first XPC message for CPU boost
Wed Sep 12 16:49:22 2018(354)-> ProtectionMerge: postponing merge until first XPC message for CPU boost
Wed Sep 12 21:21:13 2018(352)-> ProtectionMerge: postponing merge until first XPC message for CPU boost
Thu Sep 13 08:18:11 2018(310)-> ProtectionMerge: postponing merge until first XPC message for CPU boost
Fri Sep 14 14:43:42 2018(303)-> ProtectionMerge: postponing merge until first XPC message for CPU boost
Fri Sep 14 14:55:31 2018(336)-> ProtectionMerge: postponing merge until first XPC message for CPU boost
Sat Sep 15 01:27:51 2018(341)-> ProtectionMerge: postponing merge until first XPC message for CPU boost
Sat Sep 15 16:03:12 2018(389)-> ProtectionMerge: postponing merge until first XPC message for CPU boost
Sun Sep 16 16:37:04 2018(399)-> ProtectionMerge: postponing merge until first XPC message for CPU boost
Tue Sep 18 08:18:35 2018(387)-> ProtectionMerge: postponing merge until first XPC message for CPU boost
Fri Sep 21 10:21:02 2018(384)-> ProtectionMerge: postponing merge until first XPC message for CPU boost
Mon Sep 24 09:08:37 2018(339)-> ProtectionMerge: postponing merge until first XPC message for CPU boost
Tue Sep 25 08:13:52 2018(342)-> ProtectionMerge: postponing merge until first XPC message for CPU boost
Thu Sep 27 07:55:20 2018(352)-> ProtectionMerge: postponing merge until first XPC message for CPU boost
Sat Sep 29 11:30:09 2018(353)-> ProtectionMerge: postponing merge until first XPC message for CPU boost
Mon Oct  1 09:18:18 2018(346)-> ProtectionMerge: postponing merge until first XPC message for CPU boost
Tue Oct  2 07:56:09 2018(350)-> ProtectionMerge: postponing merge until first XPC message for CPU boost
Fri Oct 12 10:22:30 2018(343)-> ProtectionMerge: postponing merge until first XPC message for CPU boost
Fri Oct 12 12:41:11 2018(342)-> ProtectionMerge: postponing merge until first XPC message for CPU boost
Mon Oct 15 09:18:47 2018(341)-> ProtectionMerge: postponing merge until first XPC message for CPU boost
Tue Oct 16 08:00:59 2018(344)-> ProtectionMerge: postponing merge until first XPC message for CPU boost
Thu Oct 18 08:14:28 2018(341)-> ProtectionMerge: postponing merge until first XPC message for CPU boost
Tue Oct 23 08:10:58 2018(399)-> ProtectionMerge: postponing merge until first XPC message for CPU boost
Wed Oct 24 20:08:59 2018(678)-> ProtectionMerge: postponing merge until first XPC message for CPU boost
Thu Oct 25 08:11:47 2018(296)-> ProtectionMerge: postponing merge until first XPC message for CPU boost
Fri Oct 26 11:07:41 2018(293)-> ProtectionMerge: postponing merge until first XPC message for CPU boost
Wed Oct 31 13:45:31 2018(297)-> ProtectionMerge: postponing merge until first XPC message for CPU boost
Thu Nov  1 08:17:21 2018(294)-> ProtectionMerge: postponing merge until first XPC message for CPU boost
Sun Nov  4 12:16:21 2018(294)-> ProtectionMerge: postponing merge until first XPC message for CPU boost
Mon Nov  5 09:24:06 2018(292)-> ProtectionMerge: postponing merge until first XPC message for CPU boost
Wed Nov  7 09:19:51 2018(294)-> ProtectionMerge: postponing merge until first XPC message for CPU boost
