Jul  2 20:03:13 macs-MacBook-Pro CoreSimulatorService[1072] <Notice>: com.apple.CoreSimulator.CoreSimulatorService 518.22 starting.
Jul  2 20:03:13 macs-MacBook-Pro CoreSimulatorService[1072] <Warning>: Device 9AAC99D3-446D-4F7D-BFFD-A0C53C8024BD encountered in creation state at launch.  The device will be re-created.
Jul  2 20:03:13 macs-MacBook-Pro CoreSimulatorService[1072] <Warning>: Device 57EE09A0-C168-4F17-BCED-D85132B0C9F9 encountered in creation state at launch.  The device will be re-created.
Jul  2 20:03:13 macs-MacBook-Pro CoreSimulatorService[1072] <Warning>: Device EADC0D79-E75A-4675-B829-38263C6D0719 encountered in creation state at launch.  The device will be re-created.
Jul  2 20:03:13 macs-MacBook-Pro CoreSimulatorService[1072] <Warning>: Device EBEB5094-0198-42C0-81EB-23A90F686647 encountered in creation state at launch.  The device will be re-created.
Jul  2 20:03:13 macs-MacBook-Pro CoreSimulatorService[1072] <Warning>: Device C799E0DF-1A45-481C-AC0B-2237FB84CB49 encountered in creation state at launch.  The device will be re-created.
Jul  2 20:03:13 macs-MacBook-Pro CoreSimulatorService[1072] <Warning>: Device F421665A-9888-416F-8FAB-7A666F3B9A4F encountered in creation state at launch.  The device will be re-created.
Jul  2 20:03:13 macs-MacBook-Pro CoreSimulatorService[1072] <Warning>: Device 77C490B5-1C92-40C5-9B4C-4AD92AC65966 encountered in creation state at launch.  The device will be re-created.
Jul  2 20:03:14 macs-MacBook-Pro CoreSimulatorService[1072] <Warning>: Device C71D4FC1-D878-43F8-8E2F-AEFCBE5F3841 encountered in creation state at launch.  The device will be re-created.
Jul  2 20:03:14 macs-MacBook-Pro CoreSimulatorService[1072] <Warning>: Device A5AC38AB-A2A9-4872-A275-2821A25271EB encountered in creation state at launch.  The device will be re-created.
Jul  2 20:03:14 macs-MacBook-Pro CoreSimulatorService[1072] <Warning>: Device 03285BE9-BEA8-434B-94BE-249DDE83AD32 encountered in creation state at launch.  The device will be re-created.
Jul  2 20:03:14 macs-MacBook-Pro CoreSimulatorService[1072] <Warning>: Device FB0CE7A4-48B7-4508-9C88-E7B1B399BB41 encountered in creation state at launch.  The device will be re-created.
Jul  2 20:03:14 macs-MacBook-Pro CoreSimulatorService[1072] <Warning>: Device CD067B67-E390-42D5-A5BE-DE454F4F0788 encountered in creation state at launch.  The device will be re-created.
Jul  2 20:03:14 macs-MacBook-Pro CoreSimulatorService[1072] <Warning>: Device 2837B5E5-DC4D-4A94-973D-E57975940659 encountered in creation state at launch.  The device will be re-created.
Jul  2 20:03:14 macs-MacBook-Pro CoreSimulatorService[1072] <Warning>: Device F8074B19-2489-4CA0-8B54-640D578D5D6C encountered in creation state at launch.  The device will be re-created.
Jul  2 20:03:14 macs-MacBook-Pro CoreSimulatorService[1072] <Warning>: Device 7FAFBB93-22C0-4C4C-8C77-7C2883990BED encountered in creation state at launch.  The device will be re-created.
Jul  2 20:03:15 macs-MacBook-Pro CoreSimulatorService[1072] <Warning>: Device 75220AC9-F4CB-4AD1-B4E5-77FF6A9A98BF encountered in creation state at launch.  The device will be re-created.
Jul  2 20:03:15 macs-MacBook-Pro CoreSimulatorService[1072] <Warning>: Device 545C2198-75D8-4882-A719-76579AF7613C encountered in creation state at launch.  The device will be re-created.
Jul  2 20:03:15 macs-MacBook-Pro CoreSimulatorService[1072] <Warning>: Device 3ACCFC1C-FF88-47CB-973A-37961A6CF991 encountered in creation state at launch.  The device will be re-created.
Jul  2 20:03:15 macs-MacBook-Pro CoreSimulatorService[1072] <Warning>: Device DA7FA662-EAEC-4091-B50D-7D3A451A1896 encountered in creation state at launch.  The device will be re-created.
Jul  2 20:03:15 macs-MacBook-Pro CoreSimulatorService[1072] <Warning>: Device BD38B378-6B50-4C42-BF13-6EA1BFB4A6BB encountered in creation state at launch.  The device will be re-created.
Jul  2 20:03:15 macs-MacBook-Pro CoreSimulatorService[1072] <Warning>: Device C96914D9-4073-4707-810B-82FF8971F353 encountered in creation state at launch.  The device will be re-created.
Jul  2 20:03:15 macs-MacBook-Pro CoreSimulatorService[1072] <Warning>: Device 199372E8-8F99-4074-B070-E6919138ECFD encountered in creation state at launch.  The device will be re-created.
Jul  2 20:03:15 macs-MacBook-Pro CoreSimulatorService[1072] <Warning>: Device EF1890ED-9596-451A-BA5D-6A24970E2EA6 encountered in creation state at launch.  The device will be re-created.
Jul  2 20:03:15 macs-MacBook-Pro CoreSimulatorService[1072] <Warning>: Device C88FECD2-E05D-490A-B8E2-370CC5275312 encountered in creation state at launch.  The device will be re-created.
Jul  2 20:03:15 macs-MacBook-Pro CoreSimulatorService[1072] <Warning>: Device DE789AD4-8A60-4C1C-9C99-65178AE7F934 encountered in creation state at launch.  The device will be re-created.
Jul  2 20:03:15 macs-MacBook-Pro CoreSimulatorService[1072] <Warning>: Device E39252A6-9393-4DF9-B9F3-FB8E3FD76126 encountered in creation state at launch.  The device will be re-created.
Jul  2 20:03:15 macs-MacBook-Pro CoreSimulatorService[1072] <Warning>: Device BF399D4E-6F15-4DB9-9BC1-CF7E0CF83FD3 encountered in creation state at launch.  The device will be re-created.
Jul  2 20:08:22 macs-MacBook-Pro CoreSimulatorService[1072] <Warning>: Device FE9EEAC9-C9A0-444E-B26A-CE3E87A0C690 encountered in creation state at launch.  The device will be re-created.
Jul  2 20:09:01 macs-MacBook-Pro com.apple.dt.Xcode[1070] <Error>: launchApplicationWithID:options:pid:error:: Error Domain=FBSOpenApplicationServiceErrorDomain Code=3 "The request to open "com.apple.dt.playground.stub.iOS_Simulator.MyPlayground-24C2C521-C579-485D-A948-C263F2D1FBC7" failed." UserInfo={NSLocalizedFailureReason=The process did launch, but has since exited or crashed., BSErrorCodeDescription=ProcessExited, NSLocalizedDescription=The request to open "com.apple.dt.playground.stub.iOS_Simulator.MyPlayground-24C2C521-C579-485D-A948-C263F2D1FBC7" failed.}
Jul  2 22:32:55 macs-MacBook-Pro CoreSimulatorService[1072] <Warning>: Device 8B3D54BB-3873-401A-A5DD-8CFA398AB037 encountered in creation state at launch.  The device will be re-created.
Jul  2 22:32:55 macs-MacBook-Pro CoreSimulatorService[1072] <Warning>: Device A8458D40-DF74-490A-893D-8F2133DBD771 encountered in creation state at launch.  The device will be re-created.
Jul  2 22:32:56 macs-MacBook-Pro com.apple.ibtool[1416] <Notice>: Spawning processes in an unbooted state without setting kSimDeviceSpawnStandalone is deprecated.
Jul  2 22:32:56 macs-MacBook-Pro com.apple.ibtool[1415] <Notice>: Spawning processes in an unbooted state without setting kSimDeviceSpawnStandalone is deprecated.
Jul  2 22:48:09 macs-MacBook-Pro CoreSimulatorService[1072] <Warning>: Device AD05E035-2BD1-4570-9552-16D0CF0EBF0E encountered in creation state at launch.  The device will be re-created.
Jul  2 22:48:10 macs-MacBook-Pro CoreSimulatorService[1072] <Warning>: Device 9B89131B-D7BD-4A2C-AABA-46518D68AC28 encountered in creation state at launch.  The device will be re-created.
Jul  2 22:49:03 macs-MacBook-Pro com.apple.dt.Xcode[1070] <Error>: launchApplicationWithID:options:pid:error:: Error Domain=FBSOpenApplicationServiceErrorDomain Code=3 "The request to open "com.apple.dt.playground.stub.iOS_Simulator.MyPlayground-74E5640F-84CD-4A05-91BA-1840B4CAB7F2" failed." UserInfo={NSLocalizedFailureReason=The process did launch, but has since exited or crashed., BSErrorCodeDescription=ProcessExited, NSLocalizedDescription=The request to open "com.apple.dt.playground.stub.iOS_Simulator.MyPlayground-74E5640F-84CD-4A05-91BA-1840B4CAB7F2" failed.}
Jul  2 22:49:15 macs-MacBook-Pro com.apple.dt.Xcode[1070] <Error>: launchApplicationWithID:options:pid:error:: Error Domain=FBSOpenApplicationServiceErrorDomain Code=3 "The request to open "com.apple.dt.playground.stub.iOS_Simulator.MyPlayground-74E5640F-84CD-4A05-91BA-1840B4CAB7F2" failed." UserInfo={NSLocalizedFailureReason=The process did launch, but has since exited or crashed., BSErrorCodeDescription=ProcessExited, NSLocalizedDescription=The request to open "com.apple.dt.playground.stub.iOS_Simulator.MyPlayground-74E5640F-84CD-4A05-91BA-1840B4CAB7F2" failed.}
Jul  2 22:51:34 macs-MacBook-Pro com.apple.dt.Xcode[1070] <Error>: launchApplicationWithID:options:pid:error:: Error Domain=FBSOpenApplicationServiceErrorDomain Code=3 "The request to open "com.apple.dt.playground.stub.iOS_Simulator.MyPlayground-74E5640F-84CD-4A05-91BA-1840B4CAB7F2" failed." UserInfo={NSLocalizedFailureReason=The process did launch, but has since exited or crashed., BSErrorCodeDescription=ProcessExited, NSLocalizedDescription=The request to open "com.apple.dt.playground.stub.iOS_Simulator.MyPlayground-74E5640F-84CD-4A05-91BA-1840B4CAB7F2" failed.}
Jul  2 22:51:37 macs-MacBook-Pro com.apple.dt.Xcode[1070] <Error>: launchApplicationWithID:options:pid:error:: Error Domain=FBSOpenApplicationServiceErrorDomain Code=3 "The request to open "com.apple.dt.playground.stub.iOS_Simulator.MyPlayground-74E5640F-84CD-4A05-91BA-1840B4CAB7F2" failed." UserInfo={NSLocalizedFailureReason=The process did launch, but has since exited or crashed., BSErrorCodeDescription=ProcessExited, NSLocalizedDescription=The request to open "com.apple.dt.playground.stub.iOS_Simulator.MyPlayground-74E5640F-84CD-4A05-91BA-1840B4CAB7F2" failed.}
Jul  2 22:53:29 macs-MacBook-Pro com.apple.dt.Xcode[1070] <Error>: launchApplicationWithID:options:pid:error:: Error Domain=FBSOpenApplicationServiceErrorDomain Code=3 "The request to open "com.apple.dt.playground.stub.iOS_Simulator.MyPlayground-74E5640F-84CD-4A05-91BA-1840B4CAB7F2" failed." UserInfo={NSLocalizedFailureReason=The process did launch, but has since exited or crashed., BSErrorCodeDescription=ProcessExited, NSLocalizedDescription=The request to open "com.apple.dt.playground.stub.iOS_Simulator.MyPlayground-74E5640F-84CD-4A05-91BA-1840B4CAB7F2" failed.}
Jul  2 22:53:33 macs-MacBook-Pro com.apple.dt.Xcode[1070] <Error>: launchApplicationWithID:options:pid:error:: Error Domain=FBSOpenApplicationServiceErrorDomain Code=3 "The request to open "com.apple.dt.playground.stub.iOS_Simulator.MyPlayground-74E5640F-84CD-4A05-91BA-1840B4CAB7F2" failed." UserInfo={NSLocalizedFailureReason=The process did launch, but has since exited or crashed., BSErrorCodeDescription=ProcessExited, NSLocalizedDescription=The request to open "com.apple.dt.playground.stub.iOS_Simulator.MyPlayground-74E5640F-84CD-4A05-91BA-1840B4CAB7F2" failed.}
Jul  2 22:53:42 macs-MacBook-Pro com.apple.dt.Xcode[1070] <Error>: launchApplicationWithID:options:pid:error:: Error Domain=FBSOpenApplicationServiceErrorDomain Code=3 "The request to open "com.apple.dt.playground.stub.iOS_Simulator.MyPlayground-74E5640F-84CD-4A05-91BA-1840B4CAB7F2" failed." UserInfo={NSLocalizedFailureReason=The process did launch, but has since exited or crashed., BSErrorCodeDescription=ProcessExited, NSLocalizedDescription=The request to open "com.apple.dt.playground.stub.iOS_Simulator.MyPlayground-74E5640F-84CD-4A05-91BA-1840B4CAB7F2" failed.}
Jul  2 23:01:42 macs-MacBook-Pro CoreSimulatorService[1072] <Error>: Error Domain=com.apple.CoreSimulator.SimError Code=164 "Unable to lookup in current state: Shutting Down" UserInfo={NSLocalizedDescription=Unable to lookup in current state: Shutting Down}
Jul  2 23:01:42 macs-MacBook-Pro CoreSimulatorService[1072] <Error>: Error Domain=com.apple.CoreSimulator.SimError Code=164 "Unable to lookup in current state: Shutting Down" UserInfo={NSLocalizedDescription=Unable to lookup in current state: Shutting Down}
Jul  2 23:01:42 macs-MacBook-Pro CoreSimulatorService[1072] <Error>: Error Domain=com.apple.CoreSimulator.SimError Code=164 "Unable to lookup in current state: Shutting Down" UserInfo={NSLocalizedDescription=Unable to lookup in current state: Shutting Down}
Jul  2 23:01:42 macs-MacBook-Pro CoreSimulatorService[1072] <Error>: Error Domain=com.apple.CoreSimulator.SimError Code=164 "Unable to lookup in current state: Shutting Down" UserInfo={NSLocalizedDescription=Unable to lookup in current state: Shutting Down}
Jul  3 23:10:35 macs-MacBook-Pro CoreSimulatorService[392] <Notice>: com.apple.CoreSimulator.CoreSimulatorService 518.22 starting.
Jul  3 23:11:16 macs-MacBook-Pro com.apple.dt.Xcode[271] <Error>: launchApplicationWithID:options:pid:error:: Error Domain=FBSOpenApplicationServiceErrorDomain Code=3 "The request to open "com.apple.dt.playground.stub.iOS_Simulator.MyPlayground-2E664E90-F54C-4DAD-868D-5AF16C5AC972" failed." UserInfo={NSLocalizedFailureReason=The process did launch, but has since exited or crashed., BSErrorCodeDescription=ProcessExited, NSLocalizedDescription=The request to open "com.apple.dt.playground.stub.iOS_Simulator.MyPlayground-2E664E90-F54C-4DAD-868D-5AF16C5AC972" failed.}
Jul  3 23:13:23 macs-MacBook-Pro com.apple.dt.Xcode[271] <Error>: launchApplicationWithID:options:pid:error:: Error Domain=FBSOpenApplicationServiceErrorDomain Code=3 "The request to open "com.apple.dt.playground.stub.iOS_Simulator.MyPlayground-2E664E90-F54C-4DAD-868D-5AF16C5AC972" failed." UserInfo={NSLocalizedFailureReason=The process did launch, but has since exited or crashed., BSErrorCodeDescription=ProcessExited, NSLocalizedDescription=The request to open "com.apple.dt.playground.stub.iOS_Simulator.MyPlayground-2E664E90-F54C-4DAD-868D-5AF16C5AC972" failed.}
Jul  3 23:13:28 macs-MacBook-Pro com.apple.dt.Xcode[271] <Error>: launchApplicationWithID:options:pid:error:: Error Domain=FBSOpenApplicationServiceErrorDomain Code=3 "The request to open "com.apple.dt.playground.stub.iOS_Simulator.MyPlayground-2E664E90-F54C-4DAD-868D-5AF16C5AC972" failed." UserInfo={NSLocalizedFailureReason=The process did launch, but has since exited or crashed., BSErrorCodeDescription=ProcessExited, NSLocalizedDescription=The request to open "com.apple.dt.playground.stub.iOS_Simulator.MyPlayground-2E664E90-F54C-4DAD-868D-5AF16C5AC972" failed.}
Jul  3 23:13:31 macs-MacBook-Pro com.apple.dt.Xcode[271] <Error>: launchApplicationWithID:options:pid:error:: Error Domain=FBSOpenApplicationServiceErrorDomain Code=3 "The request to open "com.apple.dt.playground.stub.iOS_Simulator.MyPlayground-2E664E90-F54C-4DAD-868D-5AF16C5AC972" failed." UserInfo={NSLocalizedFailureReason=The process did launch, but has since exited or crashed., BSErrorCodeDescription=ProcessExited, NSLocalizedDescription=The request to open "com.apple.dt.playground.stub.iOS_Simulator.MyPlayground-2E664E90-F54C-4DAD-868D-5AF16C5AC972" failed.}
Jul  3 23:15:10 macs-MacBook-Pro com.apple.dt.Xcode[271] <Error>: launchApplicationWithID:options:pid:error:: Error Domain=FBSOpenApplicationServiceErrorDomain Code=3 "The request to open "com.apple.dt.playground.stub.iOS_Simulator.MyPlayground-2E664E90-F54C-4DAD-868D-5AF16C5AC972" failed." UserInfo={NSLocalizedFailureReason=The process did launch, but has since exited or crashed., BSErrorCodeDescription=ProcessExited, NSLocalizedDescription=The request to open "com.apple.dt.playground.stub.iOS_Simulator.MyPlayground-2E664E90-F54C-4DAD-868D-5AF16C5AC972" failed.}
Jul  3 23:15:13 macs-MacBook-Pro com.apple.dt.Xcode[271] <Error>: launchApplicationWithID:options:pid:error:: Error Domain=FBSOpenApplicationServiceErrorDomain Code=3 "The request to open "com.apple.dt.playground.stub.iOS_Simulator.MyPlayground-2E664E90-F54C-4DAD-868D-5AF16C5AC972" failed." UserInfo={NSLocalizedFailureReason=The process did launch, but has since exited or crashed., BSErrorCodeDescription=ProcessExited, NSLocalizedDescription=The request to open "com.apple.dt.playground.stub.iOS_Simulator.MyPlayground-2E664E90-F54C-4DAD-868D-5AF16C5AC972" failed.}
Jul  3 23:44:41 macs-MacBook-Pro CoreSimulatorService[392] <Error>: Error Domain=com.apple.CoreSimulator.SimError Code=164 "Unable to lookup in current state: Shutting Down" UserInfo={NSLocalizedDescription=Unable to lookup in current state: Shutting Down}
Jul  3 23:44:41 macs-MacBook-Pro CoreSimulatorService[392] <Error>: Error Domain=com.apple.CoreSimulator.SimError Code=164 "Unable to lookup in current state: Shutting Down" UserInfo={NSLocalizedDescription=Unable to lookup in current state: Shutting Down}
Jul  3 23:44:41 macs-MacBook-Pro CoreSimulatorService[392] <Error>: Error Domain=com.apple.CoreSimulator.SimError Code=164 "Unable to lookup in current state: Shutting Down" UserInfo={NSLocalizedDescription=Unable to lookup in current state: Shutting Down}
Jul  3 23:44:42 macs-MacBook-Pro CoreSimulatorService[392] <Error>: Error Domain=com.apple.CoreSimulator.SimError Code=164 "Unable to lookup in current state: Shutting Down" UserInfo={NSLocalizedDescription=Unable to lookup in current state: Shutting Down}
Jul  3 23:44:42 macs-MacBook-Pro CoreSimulatorService[392] <Error>: Error Domain=com.apple.CoreSimulator.SimError Code=164 "Unable to lookup in current state: Shutting Down" UserInfo={NSLocalizedDescription=Unable to lookup in current state: Shutting Down}
Jul  3 23:44:42 macs-MacBook-Pro CoreSimulatorService[392] <Error>: Error Domain=com.apple.CoreSimulator.SimError Code=164 "Unable to lookup in current state: Shutting Down" UserInfo={NSLocalizedDescription=Unable to lookup in current state: Shutting Down}
Jul  3 23:44:42 macs-MacBook-Pro CoreSimulatorService[392] <Error>: Error Domain=com.apple.CoreSimulator.SimError Code=164 "Unable to lookup in current state: Shutting Down" UserInfo={NSLocalizedDescription=Unable to lookup in current state: Shutting Down}
Jul  3 23:44:42 macs-MacBook-Pro CoreSimulatorService[392] <Error>: Error Domain=com.apple.CoreSimulator.SimError Code=164 "Unable to lookup in current state: Shutting Down" UserInfo={NSLocalizedDescription=Unable to lookup in current state: Shutting Down}
Jul  3 23:44:42 macs-MacBook-Pro CoreSimulatorService[392] <Error>: Error Domain=com.apple.CoreSimulator.SimError Code=164 "Unable to lookup in current state: Shutting Down" UserInfo={NSLocalizedDescription=Unable to lookup in current state: Shutting Down}
Jul  3 23:44:42 macs-MacBook-Pro CoreSimulatorService[392] <Error>: Error Domain=com.apple.CoreSimulator.SimError Code=164 "Unable to lookup in current state: Shutting Down" UserInfo={NSLocalizedDescription=Unable to lookup in current state: Shutting Down}
Jul  3 23:44:42 macs-MacBook-Pro CoreSimulatorService[392] <Error>: Error Domain=com.apple.CoreSimulator.SimError Code=164 "Unable to lookup in current state: Shutting Down" UserInfo={NSLocalizedDescription=Unable to lookup in current state: Shutting Down}
Jul  3 23:44:42 macs-MacBook-Pro CoreSimulatorService[392] <Error>: Error Domain=com.apple.CoreSimulator.SimError Code=164 "Unable to lookup in current state: Shutting Down" UserInfo={NSLocalizedDescription=Unable to lookup in current state: Shutting Down}
Jul  3 23:44:42 macs-MacBook-Pro CoreSimulatorService[392] <Error>: Error Domain=com.apple.CoreSimulator.SimError Code=164 "Unable to lookup in current state: Shutting Down" UserInfo={NSLocalizedDescription=Unable to lookup in current state: Shutting Down}
Jul  4 13:42:30 macs-MacBook-Pro CoreSimulatorService[338] <Notice>: com.apple.CoreSimulator.CoreSimulatorService 518.22 starting.
Jul  4 15:06:39 macs-MacBook-Pro CoreSimulatorService[338] <Error>: Error Domain=com.apple.CoreSimulator.SimError Code=164 "Unable to lookup in current state: Shutting Down" UserInfo={NSLocalizedDescription=Unable to lookup in current state: Shutting Down}
Jul  4 15:06:39 macs-MacBook-Pro CoreSimulatorService[338] <Error>: Error Domain=com.apple.CoreSimulator.SimError Code=164 "Unable to lookup in current state: Shutting Down" UserInfo={NSLocalizedDescription=Unable to lookup in current state: Shutting Down}
Jul  4 15:06:39 macs-MacBook-Pro CoreSimulatorService[338] <Error>: Error Domain=com.apple.CoreSimulator.SimError Code=164 "Unable to lookup in current state: Shutting Down" UserInfo={NSLocalizedDescription=Unable to lookup in current state: Shutting Down}
Jul  4 15:06:39 macs-MacBook-Pro CoreSimulatorService[338] <Error>: Error Domain=com.apple.CoreSimulator.SimError Code=164 "Unable to lookup in current state: Shutting Down" UserInfo={NSLocalizedDescription=Unable to lookup in current state: Shutting Down}
Jul  4 15:06:39 macs-MacBook-Pro CoreSimulatorService[338] <Error>: Error Domain=com.apple.CoreSimulator.SimError Code=164 "Unable to lookup in current state: Shutting Down" UserInfo={NSLocalizedDescription=Unable to lookup in current state: Shutting Down}
Jul  4 15:12:05 macs-MacBook-Pro CoreSimulatorService[338] <Error>: Error Domain=com.apple.CoreSimulator.SimError Code=164 "Unable to lookup in current state: Shutting Down" UserInfo={NSLocalizedDescription=Unable to lookup in current state: Shutting Down}
Jul  4 15:12:05 macs-MacBook-Pro CoreSimulatorService[338] <Error>: Error Domain=com.apple.CoreSimulator.SimError Code=164 "Unable to lookup in current state: Shutting Down" UserInfo={NSLocalizedDescription=Unable to lookup in current state: Shutting Down}
Jul  4 15:12:05 macs-MacBook-Pro CoreSimulatorService[338] <Error>: Error Domain=com.apple.CoreSimulator.SimError Code=164 "Unable to lookup in current state: Shutting Down" UserInfo={NSLocalizedDescription=Unable to lookup in current state: Shutting Down}
Jul  5 14:17:12 macs-MacBook-Pro CoreSimulatorService[399] <Notice>: com.apple.CoreSimulator.CoreSimulatorService 518.22 starting.
Jul  5 16:06:05 macs-MacBook-Pro CoreSimulatorService[399] <Error>: Error Domain=com.apple.CoreSimulator.SimError Code=164 "Unable to lookup in current state: Shutting Down" UserInfo={NSLocalizedDescription=Unable to lookup in current state: Shutting Down}
Jul  5 16:06:05 macs-MacBook-Pro CoreSimulatorService[399] <Error>: Error Domain=com.apple.CoreSimulator.SimError Code=164 "Unable to lookup in current state: Shutting Down" UserInfo={NSLocalizedDescription=Unable to lookup in current state: Shutting Down}
Jul  5 16:49:55 macs-MacBook-Pro CoreSimulatorService[398] <Notice>: com.apple.CoreSimulator.CoreSimulatorService 518.22 starting.
Jul  5 22:13:36 macs-MacBook-Pro CoreSimulatorService[398] <Error>: Error Domain=com.apple.CoreSimulator.SimError Code=164 "Unable to lookup in current state: Shutting Down" UserInfo={NSLocalizedDescription=Unable to lookup in current state: Shutting Down}
Jul  5 22:13:36 macs-MacBook-Pro CoreSimulatorService[398] <Error>: Error Domain=com.apple.CoreSimulator.SimError Code=164 "Unable to lookup in current state: Shutting Down" UserInfo={NSLocalizedDescription=Unable to lookup in current state: Shutting Down}
Jul  5 22:13:36 macs-MacBook-Pro CoreSimulatorService[398] <Error>: Error Domain=com.apple.CoreSimulator.SimError Code=164 "Unable to lookup in current state: Shutting Down" UserInfo={NSLocalizedDescription=Unable to lookup in current state: Shutting Down}
Jul  9 18:21:34 macs-MacBook-Pro CoreSimulatorService[642] <Notice>: com.apple.CoreSimulator.CoreSimulatorService 518.22 starting.
Jul 10 12:35:53 macs-MacBook-Pro CoreSimulatorService[472] <Notice>: com.apple.CoreSimulator.CoreSimulatorService 518.22 starting.
Jul 10 12:39:44 macs-MacBook-Pro CoreSimulatorService[472] <Notice>: Device IBSimDeviceTypeiPad2x (A8458D40-DF74-490A-893D-8F2133DBD771, iOS 11.4, Booted) encountered in unexpected state at launch: Booted.  Shutting down.
Jul 10 12:39:44 macs-MacBook-Pro CoreSimulatorService[472] <Notice>: Device iPhone X (AD05E035-2BD1-4570-9552-16D0CF0EBF0E, iOS 11.4, Booted) encountered in unexpected state at launch: Booted.  Shutting down.
Jul 10 12:39:44 macs-MacBook-Pro CoreSimulatorService[472] <Notice>: Device iPhone 8 Plus (9B89131B-D7BD-4A2C-AABA-46518D68AC28, iOS 11.4, Booted) encountered in unexpected state at launch: Booted.  Shutting down.
Jul 11 14:49:57 macs-MacBook-Pro CoreSimulatorService[472] <Error>: Error Domain=com.apple.CoreSimulator.SimError Code=164 "Unable to lookup in current state: Shutting Down" UserInfo={NSLocalizedDescription=Unable to lookup in current state: Shutting Down}
Jul 11 14:49:57 macs-MacBook-Pro CoreSimulatorService[472] <Error>: Error Domain=com.apple.CoreSimulator.SimError Code=164 "Unable to lookup in current state: Shutting Down" UserInfo={NSLocalizedDescription=Unable to lookup in current state: Shutting Down}
Jul 11 14:49:57 macs-MacBook-Pro CoreSimulatorService[472] <Error>: Error Domain=com.apple.CoreSimulator.SimError Code=164 "Unable to lookup in current state: Shutting Down" UserInfo={NSLocalizedDescription=Unable to lookup in current state: Shutting Down}
Jul 11 14:52:58 macs-MacBook-Pro CoreSimulatorService[472] <Error>: Error Domain=com.apple.CoreSimulator.SimError Code=164 "Unable to lookup in current state: Shutting Down" UserInfo={NSLocalizedDescription=Unable to lookup in current state: Shutting Down}
Jul 11 14:52:58 macs-MacBook-Pro CoreSimulatorService[472] <Error>: Error Domain=com.apple.CoreSimulator.SimError Code=164 "Unable to lookup in current state: Shutting Down" UserInfo={NSLocalizedDescription=Unable to lookup in current state: Shutting Down}
Jul 11 14:52:58 macs-MacBook-Pro CoreSimulatorService[472] <Error>: Error Domain=com.apple.CoreSimulator.SimError Code=164 "Unable to lookup in current state: Shutting Down" UserInfo={NSLocalizedDescription=Unable to lookup in current state: Shutting Down}
Jul 11 14:56:26 macs-MacBook-Pro CoreSimulatorService[472] <Error>: Error Domain=com.apple.CoreSimulator.SimError Code=164 "Unable to lookup in current state: Shutting Down" UserInfo={NSLocalizedDescription=Unable to lookup in current state: Shutting Down}
Jul 11 14:56:26 macs-MacBook-Pro CoreSimulatorService[472] <Error>: Error Domain=com.apple.CoreSimulator.SimError Code=164 "Unable to lookup in current state: Shutting Down" UserInfo={NSLocalizedDescription=Unable to lookup in current state: Shutting Down}
Jul 11 14:56:26 macs-MacBook-Pro CoreSimulatorService[472] <Error>: Error Domain=com.apple.CoreSimulator.SimError Code=164 "Unable to lookup in current state: Shutting Down" UserInfo={NSLocalizedDescription=Unable to lookup in current state: Shutting Down}
Jul 11 19:03:16 macs-MacBook-Pro CoreSimulatorService[472] <Error>: Error Domain=com.apple.CoreSimulator.SimError Code=164 "Unable to lookup in current state: Shutting Down" UserInfo={NSLocalizedDescription=Unable to lookup in current state: Shutting Down}
Jul 11 19:03:16 macs-MacBook-Pro CoreSimulatorService[472] <Error>: Error Domain=com.apple.CoreSimulator.SimError Code=164 "Unable to lookup in current state: Shutting Down" UserInfo={NSLocalizedDescription=Unable to lookup in current state: Shutting Down}
Jul 11 19:03:16 macs-MacBook-Pro CoreSimulatorService[472] <Error>: Error Domain=com.apple.CoreSimulator.SimError Code=164 "Unable to lookup in current state: Shutting Down" UserInfo={NSLocalizedDescription=Unable to lookup in current state: Shutting Down}
Jul 11 19:03:20 macs-MacBook-Pro CoreSimulatorService[472] <Notice>: Throttling connection to pasteboard.  Retrying in 5.9s.
Jul 11 19:03:20 macs-MacBook-Pro com.apple.dt.Xcode[469] <Notice>: Throttling connection to pasteboard.  Retrying in 5.9s.
Jul 11 21:36:16 macs-MacBook-Pro CoreSimulatorService[472] <Error>: Error Domain=com.apple.CoreSimulator.SimError Code=164 "Unable to lookup in current state: Shutting Down" UserInfo={NSLocalizedDescription=Unable to lookup in current state: Shutting Down}
Jul 11 21:36:16 macs-MacBook-Pro CoreSimulatorService[472] <Error>: Error Domain=com.apple.CoreSimulator.SimError Code=164 "Unable to lookup in current state: Shutting Down" UserInfo={NSLocalizedDescription=Unable to lookup in current state: Shutting Down}
Jul 11 21:36:16 macs-MacBook-Pro CoreSimulatorService[472] <Error>: Error Domain=com.apple.CoreSimulator.SimError Code=164 "Unable to lookup in current state: Shutting Down" UserInfo={NSLocalizedDescription=Unable to lookup in current state: Shutting Down}
Jul 11 21:37:04 macs-MacBook-Pro CoreSimulatorService[472] <Error>: Error Domain=com.apple.CoreSimulator.SimError Code=164 "Unable to lookup in current state: Shutting Down" UserInfo={NSLocalizedDescription=Unable to lookup in current state: Shutting Down}
Jul 11 21:37:04 macs-MacBook-Pro CoreSimulatorService[472] <Error>: Error Domain=com.apple.CoreSimulator.SimError Code=164 "Unable to lookup in current state: Shutting Down" UserInfo={NSLocalizedDescription=Unable to lookup in current state: Shutting Down}
Jul 11 21:37:04 macs-MacBook-Pro CoreSimulatorService[472] <Error>: Error Domain=com.apple.CoreSimulator.SimError Code=164 "Unable to lookup in current state: Shutting Down" UserInfo={NSLocalizedDescription=Unable to lookup in current state: Shutting Down}
Jul 12 14:42:31 macs-MacBook-Pro CoreSimulatorService[472] <Error>: Error Domain=com.apple.CoreSimulator.SimError Code=164 "Unable to lookup in current state: Shutting Down" UserInfo={NSLocalizedDescription=Unable to lookup in current state: Shutting Down}
Jul 12 14:42:31 macs-MacBook-Pro CoreSimulatorService[472] <Error>: Error Domain=com.apple.CoreSimulator.SimError Code=164 "Unable to lookup in current state: Shutting Down" UserInfo={NSLocalizedDescription=Unable to lookup in current state: Shutting Down}
Jul 12 14:42:31 macs-MacBook-Pro CoreSimulatorService[472] <Error>: Error Domain=com.apple.CoreSimulator.SimError Code=164 "Unable to lookup in current state: Shutting Down" UserInfo={NSLocalizedDescription=Unable to lookup in current state: Shutting Down}
Jul 12 14:42:31 macs-MacBook-Pro CoreSimulatorService[472] <Error>: Error Domain=com.apple.CoreSimulator.SimError Code=164 "Unable to lookup in current state: Shutting Down" UserInfo={NSLocalizedDescription=Unable to lookup in current state: Shutting Down}
Jul 12 14:42:31 macs-MacBook-Pro CoreSimulatorService[472] <Error>: Error Domain=com.apple.CoreSimulator.SimError Code=164 "Unable to lookup in current state: Shutting Down" UserInfo={NSLocalizedDescription=Unable to lookup in current state: Shutting Down}
Jul 13 11:22:40 macs-MacBook-Pro CoreSimulatorService[472] <Error>: Error Domain=com.apple.CoreSimulator.SimError Code=164 "Unable to lookup in current state: Shutting Down" UserInfo={NSLocalizedDescription=Unable to lookup in current state: Shutting Down}
Jul 13 11:22:40 macs-MacBook-Pro CoreSimulatorService[472] <Error>: Error Domain=com.apple.CoreSimulator.SimError Code=164 "Unable to lookup in current state: Shutting Down" UserInfo={NSLocalizedDescription=Unable to lookup in current state: Shutting Down}
Jul 13 11:22:40 macs-MacBook-Pro CoreSimulatorService[472] <Error>: Error Domain=com.apple.CoreSimulator.SimError Code=164 "Unable to lookup in current state: Shutting Down" UserInfo={NSLocalizedDescription=Unable to lookup in current state: Shutting Down}
Jul 13 11:25:50 macs-MacBook-Pro CoreSimulatorService[472] <Error>: Error Domain=com.apple.CoreSimulator.SimError Code=164 "Unable to lookup in current state: Shutting Down" UserInfo={NSLocalizedDescription=Unable to lookup in current state: Shutting Down}
Jul 13 11:25:50 macs-MacBook-Pro CoreSimulatorService[472] <Error>: Error Domain=com.apple.CoreSimulator.SimError Code=164 "Unable to lookup in current state: Shutting Down" UserInfo={NSLocalizedDescription=Unable to lookup in current state: Shutting Down}
Jul 13 11:25:50 macs-MacBook-Pro CoreSimulatorService[472] <Error>: Error Domain=com.apple.CoreSimulator.SimError Code=164 "Unable to lookup in current state: Shutting Down" UserInfo={NSLocalizedDescription=Unable to lookup in current state: Shutting Down}
Jul 13 18:00:16 macs-MacBook-Pro CoreSimulatorService[398] <Notice>: com.apple.CoreSimulator.CoreSimulatorService 518.22 starting.
Jul 13 19:05:55 macs-MacBook-Pro com.apple.ibtool[645] <Notice>: Spawning processes in an unbooted state without setting kSimDeviceSpawnStandalone is deprecated.
Jul 14 15:55:04 macs-MacBook-Pro CoreSimulatorService[398] <Error>: Error Domain=com.apple.CoreSimulator.SimError Code=164 "Unable to lookup in current state: Shutting Down" UserInfo={NSLocalizedDescription=Unable to lookup in current state: Shutting Down}
Jul 14 15:55:04 macs-MacBook-Pro CoreSimulatorService[398] <Error>: Error Domain=com.apple.CoreSimulator.SimError Code=164 "Unable to lookup in current state: Shutting Down" UserInfo={NSLocalizedDescription=Unable to lookup in current state: Shutting Down}
Jul 14 15:55:04 macs-MacBook-Pro CoreSimulatorService[398] <Error>: Error Domain=com.apple.CoreSimulator.SimError Code=164 "Unable to lookup in current state: Shutting Down" UserInfo={NSLocalizedDescription=Unable to lookup in current state: Shutting Down}
Jul 15 10:22:39 macs-MacBook-Pro CoreSimulatorService[397] <Notice>: com.apple.CoreSimulator.CoreSimulatorService 518.22 starting.
Jul 16 12:41:06 macs-MacBook-Pro CoreSimulatorService[397] <Error>: Error Domain=com.apple.CoreSimulator.SimError Code=164 "Unable to lookup in current state: Shutting Down" UserInfo={NSLocalizedDescription=Unable to lookup in current state: Shutting Down}
Jul 16 12:41:06 macs-MacBook-Pro CoreSimulatorService[397] <Error>: Error Domain=com.apple.CoreSimulator.SimError Code=164 "Unable to lookup in current state: Shutting Down" UserInfo={NSLocalizedDescription=Unable to lookup in current state: Shutting Down}
Jul 16 12:41:06 macs-MacBook-Pro CoreSimulatorService[397] <Error>: Error Domain=com.apple.CoreSimulator.SimError Code=164 "Unable to lookup in current state: Shutting Down" UserInfo={NSLocalizedDescription=Unable to lookup in current state: Shutting Down}
Jul 16 12:41:06 macs-MacBook-Pro CoreSimulatorService[397] <Error>: Error Domain=com.apple.CoreSimulator.SimError Code=164 "Unable to lookup in current state: Shutting Down" UserInfo={NSLocalizedDescription=Unable to lookup in current state: Shutting Down}
Jul 16 12:41:06 macs-MacBook-Pro CoreSimulatorService[397] <Error>: Error Domain=com.apple.CoreSimulator.SimError Code=164 "Unable to lookup in current state: Shutting Down" UserInfo={NSLocalizedDescription=Unable to lookup in current state: Shutting Down}
Jul 17 22:06:07 macs-MacBook-Pro CoreSimulatorService[706] <Notice>: com.apple.CoreSimulator.CoreSimulatorService 518.22 starting.
Jul 17 22:07:02 macs-MacBook-Pro com.apple.ibtool[729] <Notice>: Spawning processes in an unbooted state without setting kSimDeviceSpawnStandalone is deprecated.
Jul 17 22:07:02 macs-MacBook-Pro com.apple.ibtool[730] <Notice>: Spawning processes in an unbooted state without setting kSimDeviceSpawnStandalone is deprecated.
Jul 18 01:08:02 macs-MacBook-Pro CoreSimulatorService[706] <Error>: Error Domain=com.apple.CoreSimulator.SimError Code=164 "Unable to lookup in current state: Shutting Down" UserInfo={NSLocalizedDescription=Unable to lookup in current state: Shutting Down}
Jul 18 01:08:02 macs-MacBook-Pro CoreSimulatorService[706] <Error>: Error Domain=com.apple.CoreSimulator.SimError Code=164 "Unable to lookup in current state: Shutting Down" UserInfo={NSLocalizedDescription=Unable to lookup in current state: Shutting Down}
Jul 18 01:08:02 macs-MacBook-Pro CoreSimulatorService[706] <Error>: Error Domain=com.apple.CoreSimulator.SimError Code=164 "Unable to lookup in current state: Shutting Down" UserInfo={NSLocalizedDescription=Unable to lookup in current state: Shutting Down}
Jul 18 01:11:00 macs-MacBook-Pro CoreSimulatorService[706] <Error>: Error Domain=com.apple.CoreSimulator.SimError Code=164 "Unable to lookup in current state: Shutting Down" UserInfo={NSLocalizedDescription=Unable to lookup in current state: Shutting Down}
Jul 18 01:11:00 macs-MacBook-Pro CoreSimulatorService[706] <Error>: Error Domain=com.apple.CoreSimulator.SimError Code=164 "Unable to lookup in current state: Shutting Down" UserInfo={NSLocalizedDescription=Unable to lookup in current state: Shutting Down}
Jul 18 01:11:00 macs-MacBook-Pro CoreSimulatorService[706] <Error>: Error Domain=com.apple.CoreSimulator.SimError Code=164 "Unable to lookup in current state: Shutting Down" UserInfo={NSLocalizedDescription=Unable to lookup in current state: Shutting Down}
Jul 18 01:11:00 macs-MacBook-Pro CoreSimulatorService[706] <Error>: Error Domain=com.apple.CoreSimulator.SimError Code=164 "Unable to lookup in current state: Shutting Down" UserInfo={NSLocalizedDescription=Unable to lookup in current state: Shutting Down}
Jul 18 01:11:00 macs-MacBook-Pro CoreSimulatorService[706] <Error>: Error Domain=com.apple.CoreSimulator.SimError Code=164 "Unable to lookup in current state: Shutting Down" UserInfo={NSLocalizedDescription=Unable to lookup in current state: Shutting Down}
Jul 18 01:11:07 macs-MacBook-Pro CoreSimulatorService[706] <Error>: Error Domain=com.apple.CoreSimulator.SimError Code=164 "Unable to lookup in current state: Shutting Down" UserInfo={NSLocalizedDescription=Unable to lookup in current state: Shutting Down}
Jul 18 01:11:07 macs-MacBook-Pro CoreSimulatorService[706] <Error>: Error Domain=com.apple.CoreSimulator.SimError Code=164 "Unable to lookup in current state: Shutting Down" UserInfo={NSLocalizedDescription=Unable to lookup in current state: Shutting Down}
Jul 18 01:11:07 macs-MacBook-Pro CoreSimulatorService[706] <Error>: Error Domain=com.apple.CoreSimulator.SimError Code=164 "Unable to lookup in current state: Shutting Down" UserInfo={NSLocalizedDescription=Unable to lookup in current state: Shutting Down}
Jul 18 01:11:07 macs-MacBook-Pro CoreSimulatorService[706] <Error>: Error Domain=com.apple.CoreSimulator.SimError Code=164 "Unable to lookup service com.apple.CoreSimulator.pasteboard_support: 0x3" UserInfo={NSLocalizedDescription=Unable to lookup service com.apple.CoreSimulator.pasteboard_support: 0x3, NSUnderlyingError=0x60000005bae0 {Error Domain=NSPOSIXErrorDomain Code=3 "No such process"}}
Jul 18 01:11:07 macs-MacBook-Pro CoreSimulatorService[706] <Error>: Error Domain=com.apple.CoreSimulator.SimError Code=164 "Unable to lookup service com.apple.CoreSimulator.pasteboard_support: 0x3" UserInfo={NSLocalizedDescription=Unable to lookup service com.apple.CoreSimulator.pasteboard_support: 0x3, NSUnderlyingError=0x60000005bae0 {Error Domain=NSPOSIXErrorDomain Code=3 "No such process"}}
Jul 18 01:11:07 macs-MacBook-Pro CoreSimulatorService[706] <Error>: Error Domain=com.apple.CoreSimulator.SimError Code=164 "Unable to lookup in current state: Shutting Down" UserInfo={NSLocalizedDescription=Unable to lookup in current state: Shutting Down}
Jul 18 01:11:07 macs-MacBook-Pro CoreSimulatorService[706] <Error>: Error Domain=com.apple.CoreSimulator.SimError Code=164 "Unable to lookup in current state: Shutting Down" UserInfo={NSLocalizedDescription=Unable to lookup in current state: Shutting Down}
Jul 18 01:11:07 macs-MacBook-Pro CoreSimulatorService[706] <Error>: Error Domain=com.apple.CoreSimulator.SimError Code=164 "Unable to lookup in current state: Shutting Down" UserInfo={NSLocalizedDescription=Unable to lookup in current state: Shutting Down}
Jul 18 01:11:07 macs-MacBook-Pro CoreSimulatorService[706] <Error>: Error Domain=com.apple.CoreSimulator.SimError Code=164 "Unable to lookup in current state: Shutting Down" UserInfo={NSLocalizedDescription=Unable to lookup in current state: Shutting Down}
Jul 18 11:50:09 macs-MacBook-Pro CoreSimulatorService[394] <Notice>: com.apple.CoreSimulator.CoreSimulatorService 518.22 starting.
Jul 18 23:09:26 macs-MacBook-Pro CoreSimulatorService[537] <Notice>: com.apple.CoreSimulator.CoreSimulatorService 518.22 starting.
Jul 18 23:56:09 macs-MacBook-Pro com.apple.ibtool[591] <Notice>: Spawning processes in an unbooted state without setting kSimDeviceSpawnStandalone is deprecated.
Jul 18 23:56:09 macs-MacBook-Pro com.apple.ibtool[590] <Notice>: Spawning processes in an unbooted state without setting kSimDeviceSpawnStandalone is deprecated.
Jul 18 23:57:19 macs-MacBook-Pro CoreSimulatorService[537] <Error>: Error Domain=com.apple.CoreSimulator.SimError Code=164 "Unable to lookup in current state: Shutting Down" UserInfo={NSLocalizedDescription=Unable to lookup in current state: Shutting Down}
Jul 18 23:57:19 macs-MacBook-Pro CoreSimulatorService[537] <Error>: Error Domain=com.apple.CoreSimulator.SimError Code=164 "Unable to lookup in current state: Shutting Down" UserInfo={NSLocalizedDescription=Unable to lookup in current state: Shutting Down}
Jul 18 23:57:19 macs-MacBook-Pro CoreSimulatorService[537] <Error>: Error Domain=com.apple.CoreSimulator.SimError Code=164 "Unable to lookup in current state: Shutting Down" UserInfo={NSLocalizedDescription=Unable to lookup in current state: Shutting Down}
Jul 18 23:57:19 macs-MacBook-Pro CoreSimulatorService[537] <Error>: Error Domain=com.apple.CoreSimulator.SimError Code=164 "Unable to lookup in current state: Shutting Down" UserInfo={NSLocalizedDescription=Unable to lookup in current state: Shutting Down}
Jul 18 23:57:19 macs-MacBook-Pro CoreSimulatorService[537] <Error>: Error Domain=com.apple.CoreSimulator.SimError Code=164 "Unable to lookup in current state: Shutting Down" UserInfo={NSLocalizedDescription=Unable to lookup in current state: Shutting Down}
Jul 19 00:46:42 macs-MacBook-Pro CoreSimulatorService[537] <Error>: Error Domain=com.apple.CoreSimulator.SimError Code=164 "Unable to lookup in current state: Shutting Down" UserInfo={NSLocalizedDescription=Unable to lookup in current state: Shutting Down}
Jul 19 00:46:42 macs-MacBook-Pro CoreSimulatorService[537] <Error>: Error Domain=com.apple.CoreSimulator.SimError Code=164 "Unable to lookup in current state: Shutting Down" UserInfo={NSLocalizedDescription=Unable to lookup in current state: Shutting Down}
Jul 19 00:46:42 macs-MacBook-Pro CoreSimulatorService[537] <Error>: Error Domain=com.apple.CoreSimulator.SimError Code=164 "Unable to lookup in current state: Shutting Down" UserInfo={NSLocalizedDescription=Unable to lookup in current state: Shutting Down}
Jul 19 00:46:42 macs-MacBook-Pro CoreSimulatorService[537] <Error>: Error Domain=com.apple.CoreSimulator.SimError Code=164 "Unable to lookup in current state: Shutting Down" UserInfo={NSLocalizedDescription=Unable to lookup in current state: Shutting Down}
Jul 19 00:46:42 macs-MacBook-Pro CoreSimulatorService[537] <Error>: Error Domain=com.apple.CoreSimulator.SimError Code=164 "Unable to lookup in current state: Shutting Down" UserInfo={NSLocalizedDescription=Unable to lookup in current state: Shutting Down}
Jul 19 00:46:49 macs-MacBook-Pro CoreSimulatorService[537] <Notice>: Throttling connection to pasteboard.  Retrying in 2.4s.
Jul 19 00:46:49 macs-MacBook-Pro com.apple.dt.Xcode[534] <Notice>: Throttling connection to pasteboard.  Retrying in 2.4s.
Jul 19 00:47:34 macs-MacBook-Pro CoreSimulatorService[537] <Error>: Error Domain=com.apple.CoreSimulator.SimError Code=164 "Unable to lookup in current state: Shutting Down" UserInfo={NSLocalizedDescription=Unable to lookup in current state: Shutting Down}
Jul 19 00:47:34 macs-MacBook-Pro CoreSimulatorService[537] <Error>: Error Domain=com.apple.CoreSimulator.SimError Code=164 "Unable to lookup in current state: Shutting Down" UserInfo={NSLocalizedDescription=Unable to lookup in current state: Shutting Down}
Jul 19 00:47:34 macs-MacBook-Pro CoreSimulatorService[537] <Error>: Error Domain=com.apple.CoreSimulator.SimError Code=164 "Unable to lookup in current state: Shutting Down" UserInfo={NSLocalizedDescription=Unable to lookup in current state: Shutting Down}
Jul 19 00:55:20 macs-MacBook-Pro CoreSimulatorService[537] <Error>: Error Domain=com.apple.CoreSimulator.SimError Code=164 "Unable to lookup in current state: Shutting Down" UserInfo={NSLocalizedDescription=Unable to lookup in current state: Shutting Down}
Jul 19 00:55:20 macs-MacBook-Pro CoreSimulatorService[537] <Error>: Error Domain=com.apple.CoreSimulator.SimError Code=164 "Unable to lookup in current state: Shutting Down" UserInfo={NSLocalizedDescription=Unable to lookup in current state: Shutting Down}
Jul 19 00:55:20 macs-MacBook-Pro CoreSimulatorService[537] <Error>: Error Domain=com.apple.CoreSimulator.SimError Code=164 "Unable to lookup in current state: Shutting Down" UserInfo={NSLocalizedDescription=Unable to lookup in current state: Shutting Down}
Jul 19 13:10:56 macs-MacBook-Pro CoreSimulatorService[407] <Notice>: com.apple.CoreSimulator.CoreSimulatorService 518.22 starting.
Jul 21 00:15:11 macs-MacBook-Pro CoreSimulatorService[407] <Error>: Error Domain=com.apple.CoreSimulator.SimError Code=164 "Unable to lookup in current state: Shutting Down" UserInfo={NSLocalizedDescription=Unable to lookup in current state: Shutting Down}
Jul 21 00:15:11 macs-MacBook-Pro CoreSimulatorService[407] <Error>: Error Domain=com.apple.CoreSimulator.SimError Code=164 "Unable to lookup in current state: Shutting Down" UserInfo={NSLocalizedDescription=Unable to lookup in current state: Shutting Down}
Jul 21 00:15:11 macs-MacBook-Pro CoreSimulatorService[407] <Error>: Error Domain=com.apple.CoreSimulator.SimError Code=164 "Unable to lookup in current state: Shutting Down" UserInfo={NSLocalizedDescription=Unable to lookup in current state: Shutting Down}
Jul 21 00:16:48 macs-MacBook-Pro CoreSimulatorService[407] <Error>: Error Domain=com.apple.CoreSimulator.SimError Code=164 "Unable to lookup in current state: Shutting Down" UserInfo={NSLocalizedDescription=Unable to lookup in current state: Shutting Down}
Jul 21 00:16:48 macs-MacBook-Pro CoreSimulatorService[407] <Error>: Error Domain=com.apple.CoreSimulator.SimError Code=164 "Unable to lookup in current state: Shutting Down" UserInfo={NSLocalizedDescription=Unable to lookup in current state: Shutting Down}
Jul 21 00:16:48 macs-MacBook-Pro CoreSimulatorService[407] <Error>: Error Domain=com.apple.CoreSimulator.SimError Code=164 "Unable to lookup in current state: Shutting Down" UserInfo={NSLocalizedDescription=Unable to lookup in current state: Shutting Down}
Jul 21 14:33:09 macs-MacBook-Pro CoreSimulatorService[401] <Notice>: com.apple.CoreSimulator.CoreSimulatorService 518.22 starting.
Jul 21 18:46:40 macs-MacBook-Pro com.apple.ibtool[746] <Notice>: Spawning processes in an unbooted state without setting kSimDeviceSpawnStandalone is deprecated.
Jul 22 11:57:07 macs-MacBook-Pro CoreSimulatorService[407] <Notice>: com.apple.CoreSimulator.CoreSimulatorService 518.22 starting.
Jul 23 14:14:03 macs-MacBook-Pro CoreSimulatorService[866] <Notice>: com.apple.CoreSimulator.CoreSimulatorService 518.22 starting.
Jul 24 01:12:06 macs-MacBook-Pro CoreSimulatorService[866] <Error>: Error Domain=com.apple.CoreSimulator.SimError Code=164 "Unable to lookup in current state: Shutting Down" UserInfo={NSLocalizedDescription=Unable to lookup in current state: Shutting Down}
Jul 24 01:12:06 macs-MacBook-Pro CoreSimulatorService[866] <Error>: Error Domain=com.apple.CoreSimulator.SimError Code=164 "Unable to lookup in current state: Shutting Down" UserInfo={NSLocalizedDescription=Unable to lookup in current state: Shutting Down}
Jul 24 01:12:06 macs-MacBook-Pro CoreSimulatorService[866] <Error>: Error Domain=com.apple.CoreSimulator.SimError Code=164 "Unable to lookup in current state: Shutting Down" UserInfo={NSLocalizedDescription=Unable to lookup in current state: Shutting Down}
Jul 24 02:17:11 macs-MacBook-Pro CoreSimulatorService[866] <Error>: Error Domain=com.apple.CoreSimulator.SimError Code=164 "Unable to lookup in current state: Shutting Down" UserInfo={NSLocalizedDescription=Unable to lookup in current state: Shutting Down}
Jul 24 02:17:11 macs-MacBook-Pro CoreSimulatorService[866] <Error>: Error Domain=com.apple.CoreSimulator.SimError Code=164 "Unable to lookup in current state: Shutting Down" UserInfo={NSLocalizedDescription=Unable to lookup in current state: Shutting Down}
Jul 24 02:17:11 macs-MacBook-Pro CoreSimulatorService[866] <Error>: Error Domain=com.apple.CoreSimulator.SimError Code=164 "Unable to lookup in current state: Shutting Down" UserInfo={NSLocalizedDescription=Unable to lookup in current state: Shutting Down}
Jul 24 02:17:11 macs-MacBook-Pro CoreSimulatorService[866] <Error>: Error Domain=com.apple.CoreSimulator.SimError Code=164 "Unable to lookup in current state: Shutting Down" UserInfo={NSLocalizedDescription=Unable to lookup in current state: Shutting Down}
Jul 24 02:17:11 macs-MacBook-Pro CoreSimulatorService[866] <Error>: Error Domain=com.apple.CoreSimulator.SimError Code=164 "Unable to lookup in current state: Shutting Down" UserInfo={NSLocalizedDescription=Unable to lookup in current state: Shutting Down}
Jul 24 02:50:23 macs-MacBook-Pro CoreSimulatorService[866] <Error>: Error Domain=com.apple.CoreSimulator.SimError Code=164 "Unable to lookup in current state: Shutting Down" UserInfo={NSLocalizedDescription=Unable to lookup in current state: Shutting Down}
Jul 24 02:50:23 macs-MacBook-Pro CoreSimulatorService[866] <Error>: Error Domain=com.apple.CoreSimulator.SimError Code=164 "Unable to lookup in current state: Shutting Down" UserInfo={NSLocalizedDescription=Unable to lookup in current state: Shutting Down}
Jul 24 02:50:23 macs-MacBook-Pro CoreSimulatorService[866] <Error>: Error Domain=com.apple.CoreSimulator.SimError Code=164 "Unable to lookup in current state: Shutting Down" UserInfo={NSLocalizedDescription=Unable to lookup in current state: Shutting Down}
Jul 24 02:50:23 macs-MacBook-Pro CoreSimulatorService[866] <Error>: Error Domain=com.apple.CoreSimulator.SimError Code=164 "Unable to lookup in current state: Shutting Down" UserInfo={NSLocalizedDescription=Unable to lookup in current state: Shutting Down}
Jul 24 02:50:23 macs-MacBook-Pro CoreSimulatorService[866] <Error>: Error Domain=com.apple.CoreSimulator.SimError Code=164 "Unable to lookup in current state: Shutting Down" UserInfo={NSLocalizedDescription=Unable to lookup in current state: Shutting Down}
Jul 24 02:50:23 macs-MacBook-Pro CoreSimulatorService[866] <Error>: Error Domain=com.apple.CoreSimulator.SimError Code=164 "Unable to lookup in current state: Shutting Down" UserInfo={NSLocalizedDescription=Unable to lookup in current state: Shutting Down}
Jul 24 02:50:23 macs-MacBook-Pro CoreSimulatorService[866] <Error>: Error Domain=com.apple.CoreSimulator.SimError Code=164 "Unable to lookup in current state: Shutting Down" UserInfo={NSLocalizedDescription=Unable to lookup in current state: Shutting Down}
Jul 24 02:50:23 macs-MacBook-Pro CoreSimulatorService[866] <Error>: Error Domain=com.apple.CoreSimulator.SimError Code=164 "Unable to lookup in current state: Shutting Down" UserInfo={NSLocalizedDescription=Unable to lookup in current state: Shutting Down}
Jul 24 02:50:23 macs-MacBook-Pro CoreSimulatorService[866] <Error>: Error Domain=com.apple.CoreSimulator.SimError Code=164 "Unable to lookup in current state: Shutting Down" UserInfo={NSLocalizedDescription=Unable to lookup in current state: Shutting Down}
Jul 24 02:50:23 macs-MacBook-Pro CoreSimulatorService[866] <Error>: Error Domain=com.apple.CoreSimulator.SimError Code=164 "Unable to lookup in current state: Shutting Down" UserInfo={NSLocalizedDescription=Unable to lookup in current state: Shutting Down}
Jul 24 02:50:23 macs-MacBook-Pro CoreSimulatorService[866] <Error>: Error Domain=com.apple.CoreSimulator.SimError Code=164 "Unable to lookup in current state: Shutting Down" UserInfo={NSLocalizedDescription=Unable to lookup in current state: Shutting Down}
Jul 24 02:50:23 macs-MacBook-Pro CoreSimulatorService[866] <Error>: Error Domain=com.apple.CoreSimulator.SimError Code=164 "Unable to lookup in current state: Shutting Down" UserInfo={NSLocalizedDescription=Unable to lookup in current state: Shutting Down}
Jul 24 16:36:49 macs-MacBook-Pro CoreSimulatorService[338] <Notice>: com.apple.CoreSimulator.CoreSimulatorService 518.22 starting.
Jul 24 16:43:10 macs-MacBook-Pro CoreSimulatorService[338] <Error>: Error Domain=com.apple.CoreSimulator.SimError Code=164 "Unable to lookup in current state: Shutting Down" UserInfo={NSLocalizedDescription=Unable to lookup in current state: Shutting Down}
Jul 24 16:43:10 macs-MacBook-Pro CoreSimulatorService[338] <Error>: Error Domain=com.apple.CoreSimulator.SimError Code=164 "Unable to lookup in current state: Shutting Down" UserInfo={NSLocalizedDescription=Unable to lookup in current state: Shutting Down}
Jul 24 16:43:10 macs-MacBook-Pro CoreSimulatorService[338] <Error>: Error Domain=com.apple.CoreSimulator.SimError Code=164 "Unable to lookup in current state: Shutting Down" UserInfo={NSLocalizedDescription=Unable to lookup in current state: Shutting Down}
Jul 24 22:59:26 macs-MacBook-Pro CoreSimulatorService[654] <Notice>: com.apple.CoreSimulator.CoreSimulatorService 518.22 starting.
Jul 24 22:59:33 macs-MacBook-Pro com.apple.ibtool[665] <Notice>: Spawning processes in an unbooted state without setting kSimDeviceSpawnStandalone is deprecated.
Jul 24 23:28:14 macs-MacBook-Pro CoreSimulatorService[654] <Error>: Error Domain=com.apple.CoreSimulator.SimError Code=164 "Unable to lookup in current state: Shutting Down" UserInfo={NSLocalizedDescription=Unable to lookup in current state: Shutting Down}
Jul 24 23:28:14 macs-MacBook-Pro CoreSimulatorService[654] <Error>: Error Domain=com.apple.CoreSimulator.SimError Code=164 "Unable to lookup in current state: Shutting Down" UserInfo={NSLocalizedDescription=Unable to lookup in current state: Shutting Down}
Jul 24 23:28:14 macs-MacBook-Pro CoreSimulatorService[654] <Error>: Error Domain=com.apple.CoreSimulator.SimError Code=164 "Unable to lookup in current state: Shutting Down" UserInfo={NSLocalizedDescription=Unable to lookup in current state: Shutting Down}
Jul 24 23:28:15 macs-MacBook-Pro CoreSimulatorService[654] <Error>: Error Domain=com.apple.CoreSimulator.SimError Code=164 "Unable to lookup in current state: Shutdown" UserInfo={NSLocalizedDescription=Unable to lookup in current state: Shutdown}
Jul 24 23:28:15 macs-MacBook-Pro CoreSimulatorService[654] <Error>: Error looking up host support port: Error Domain=com.apple.CoreSimulator.SimError Code=164 "Unable to lookup in current state: Shutdown" UserInfo={NSLocalizedDescription=Unable to lookup in current state: Shutdown}
Jul 24 23:30:08 macs-MacBook-Pro com.apple.ibtool[1444] <Notice>: Spawning processes in an unbooted state without setting kSimDeviceSpawnStandalone is deprecated.
Jul 25 00:29:58 macs-MacBook-Pro CoreSimulatorService[654] <Error>: Error Domain=com.apple.CoreSimulator.SimError Code=164 "Unable to lookup in current state: Shutting Down" UserInfo={NSLocalizedDescription=Unable to lookup in current state: Shutting Down}
Jul 25 00:29:58 macs-MacBook-Pro CoreSimulatorService[654] <Error>: Error Domain=com.apple.CoreSimulator.SimError Code=164 "Unable to lookup in current state: Shutting Down" UserInfo={NSLocalizedDescription=Unable to lookup in current state: Shutting Down}
Jul 25 00:29:58 macs-MacBook-Pro CoreSimulatorService[654] <Error>: Error Domain=com.apple.CoreSimulator.SimError Code=164 "Unable to lookup in current state: Shutting Down" UserInfo={NSLocalizedDescription=Unable to lookup in current state: Shutting Down}
Jul 25 00:29:58 macs-MacBook-Pro CoreSimulatorService[654] <Error>: Error Domain=com.apple.CoreSimulator.SimError Code=164 "Unable to lookup in current state: Shutting Down" UserInfo={NSLocalizedDescription=Unable to lookup in current state: Shutting Down}
Jul 25 00:29:58 macs-MacBook-Pro CoreSimulatorService[654] <Error>: Error Domain=com.apple.CoreSimulator.SimError Code=164 "Unable to lookup in current state: Shutting Down" UserInfo={NSLocalizedDescription=Unable to lookup in current state: Shutting Down}
Jul 25 00:29:58 macs-MacBook-Pro CoreSimulatorService[654] <Error>: Error Domain=com.apple.CoreSimulator.SimError Code=164 "Unable to lookup in current state: Shutting Down" UserInfo={NSLocalizedDescription=Unable to lookup in current state: Shutting Down}
Jul 25 00:29:58 macs-MacBook-Pro CoreSimulatorService[654] <Error>: Error Domain=com.apple.CoreSimulator.SimError Code=164 "Unable to lookup in current state: Shutting Down" UserInfo={NSLocalizedDescription=Unable to lookup in current state: Shutting Down}
Jul 25 00:29:58 macs-MacBook-Pro CoreSimulatorService[654] <Error>: Error Domain=com.apple.CoreSimulator.SimError Code=164 "Unable to lookup in current state: Shutting Down" UserInfo={NSLocalizedDescription=Unable to lookup in current state: Shutting Down}
Jul 25 00:29:58 macs-MacBook-Pro CoreSimulatorService[654] <Error>: Error Domain=com.apple.CoreSimulator.SimError Code=164 "Unable to lookup service com.apple.CoreSimulator.pasteboard_support: 0x3" UserInfo={NSLocalizedDescription=Unable to lookup service com.apple.CoreSimulator.pasteboard_support: 0x3, NSUnderlyingError=0x608000440d50 {Error Domain=NSPOSIXErrorDomain Code=3 "No such process"}}
Jul 25 00:29:58 macs-MacBook-Pro CoreSimulatorService[654] <Error>: Error Domain=com.apple.CoreSimulator.SimError Code=164 "Unable to lookup in current state: Shutting Down" UserInfo={NSLocalizedDescription=Unable to lookup in current state: Shutting Down}
Jul 25 00:29:58 macs-MacBook-Pro CoreSimulatorService[654] <Error>: Error Domain=com.apple.CoreSimulator.SimError Code=164 "Unable to lookup in current state: Shutting Down" UserInfo={NSLocalizedDescription=Unable to lookup in current state: Shutting Down}
Jul 25 00:29:58 macs-MacBook-Pro CoreSimulatorService[654] <Error>: Error Domain=com.apple.CoreSimulator.SimError Code=164 "Unable to lookup in current state: Shutting Down" UserInfo={NSLocalizedDescription=Unable to lookup in current state: Shutting Down}
Jul 25 11:43:41 macs-MacBook-Pro CoreSimulatorService[354] <Notice>: com.apple.CoreSimulator.CoreSimulatorService 518.22 starting.
Jul 25 11:43:58 macs-MacBook-Pro CoreSimulatorService[354] <Error>: Error Domain=com.apple.CoreSimulator.SimError Code=164 "Unable to lookup in current state: Shutting Down" UserInfo={NSLocalizedDescription=Unable to lookup in current state: Shutting Down}
Jul 25 11:43:58 macs-MacBook-Pro CoreSimulatorService[354] <Error>: Error Domain=com.apple.CoreSimulator.SimError Code=164 "Unable to lookup in current state: Shutting Down" UserInfo={NSLocalizedDescription=Unable to lookup in current state: Shutting Down}
Jul 25 11:43:58 macs-MacBook-Pro CoreSimulatorService[354] <Error>: Error Domain=com.apple.CoreSimulator.SimError Code=164 "Unable to lookup in current state: Shutting Down" UserInfo={NSLocalizedDescription=Unable to lookup in current state: Shutting Down}
Jul 25 16:14:08 macs-MacBook-Pro CoreSimulatorService[544] <Notice>: com.apple.CoreSimulator.CoreSimulatorService 518.22 starting.
Jul 25 17:36:25 macs-MacBook-Pro CoreSimulatorService[544] <Error>: Error Domain=com.apple.CoreSimulator.SimError Code=164 "Unable to lookup in current state: Shutting Down" UserInfo={NSLocalizedDescription=Unable to lookup in current state: Shutting Down}
Jul 25 17:36:25 macs-MacBook-Pro CoreSimulatorService[544] <Error>: Error Domain=com.apple.CoreSimulator.SimError Code=164 "Unable to lookup in current state: Shutting Down" UserInfo={NSLocalizedDescription=Unable to lookup in current state: Shutting Down}
Jul 25 17:36:25 macs-MacBook-Pro CoreSimulatorService[544] <Error>: Error Domain=com.apple.CoreSimulator.SimError Code=164 "Unable to lookup in current state: Shutting Down" UserInfo={NSLocalizedDescription=Unable to lookup in current state: Shutting Down}
Jul 25 17:36:25 macs-MacBook-Pro CoreSimulatorService[544] <Error>: Error Domain=com.apple.CoreSimulator.SimError Code=164 "Unable to lookup in current state: Shutting Down" UserInfo={NSLocalizedDescription=Unable to lookup in current state: Shutting Down}
Jul 25 17:36:25 macs-MacBook-Pro CoreSimulatorService[544] <Error>: Error Domain=com.apple.CoreSimulator.SimError Code=164 "Unable to lookup in current state: Shutting Down" UserInfo={NSLocalizedDescription=Unable to lookup in current state: Shutting Down}
Jul 25 17:37:17 macs-MacBook-Pro CoreSimulatorService[544] <Error>: Error Domain=com.apple.CoreSimulator.SimError Code=164 "Unable to lookup in current state: Shutting Down" UserInfo={NSLocalizedDescription=Unable to lookup in current state: Shutting Down}
Jul 25 17:37:17 macs-MacBook-Pro CoreSimulatorService[544] <Error>: Error Domain=com.apple.CoreSimulator.SimError Code=164 "Unable to lookup in current state: Shutting Down" UserInfo={NSLocalizedDescription=Unable to lookup in current state: Shutting Down}
Jul 25 17:37:17 macs-MacBook-Pro CoreSimulatorService[544] <Error>: Error Domain=com.apple.CoreSimulator.SimError Code=164 "Unable to lookup in current state: Shutting Down" UserInfo={NSLocalizedDescription=Unable to lookup in current state: Shutting Down}
Jul 27 00:51:05 macs-MacBook-Pro CoreSimulatorService[544] <Error>: Error Domain=com.apple.CoreSimulator.SimError Code=164 "Unable to lookup in current state: Shutting Down" UserInfo={NSLocalizedDescription=Unable to lookup in current state: Shutting Down}
Jul 27 00:51:05 macs-MacBook-Pro CoreSimulatorService[544] <Error>: Error Domain=com.apple.CoreSimulator.SimError Code=164 "Unable to lookup in current state: Shutting Down" UserInfo={NSLocalizedDescription=Unable to lookup in current state: Shutting Down}
Jul 27 00:51:05 macs-MacBook-Pro CoreSimulatorService[544] <Error>: Error Domain=com.apple.CoreSimulator.SimError Code=164 "Unable to lookup in current state: Shutting Down" UserInfo={NSLocalizedDescription=Unable to lookup in current state: Shutting Down}
Jul 27 00:51:05 macs-MacBook-Pro CoreSimulatorService[544] <Error>: Error Domain=com.apple.CoreSimulator.SimError Code=164 "Unable to lookup in current state: Shutting Down" UserInfo={NSLocalizedDescription=Unable to lookup in current state: Shutting Down}
Jul 27 00:51:05 macs-MacBook-Pro CoreSimulatorService[544] <Error>: Error Domain=com.apple.CoreSimulator.SimError Code=164 "Unable to lookup in current state: Shutting Down" UserInfo={NSLocalizedDescription=Unable to lookup in current state: Shutting Down}
Jul 27 00:51:07 macs-MacBook-Pro CoreSimulatorService[544] <Error>: Error Domain=com.apple.CoreSimulator.SimError Code=164 "Unable to lookup in current state: Shutting Down" UserInfo={NSLocalizedDescription=Unable to lookup in current state: Shutting Down}
Jul 27 00:51:07 macs-MacBook-Pro CoreSimulatorService[544] <Error>: Error Domain=com.apple.CoreSimulator.SimError Code=164 "Unable to lookup in current state: Shutting Down" UserInfo={NSLocalizedDescription=Unable to lookup in current state: Shutting Down}
Jul 27 00:51:07 macs-MacBook-Pro CoreSimulatorService[544] <Error>: Error Domain=com.apple.CoreSimulator.SimError Code=164 "Unable to lookup in current state: Shutting Down" UserInfo={NSLocalizedDescription=Unable to lookup in current state: Shutting Down}
Jul 27 11:55:35 macs-MacBook-Pro CoreSimulatorService[333] <Notice>: com.apple.CoreSimulator.CoreSimulatorService 518.22 starting.
Jul 27 12:01:41 macs-MacBook-Pro CoreSimulatorService[333] <Error>: Error Domain=com.apple.CoreSimulator.SimError Code=164 "Unable to lookup in current state: Shutting Down" UserInfo={NSLocalizedDescription=Unable to lookup in current state: Shutting Down}
Jul 27 12:01:41 macs-MacBook-Pro CoreSimulatorService[333] <Error>: Error Domain=com.apple.CoreSimulator.SimError Code=164 "Unable to lookup in current state: Shutting Down" UserInfo={NSLocalizedDescription=Unable to lookup in current state: Shutting Down}
Jul 27 12:01:41 macs-MacBook-Pro CoreSimulatorService[333] <Error>: Error Domain=com.apple.CoreSimulator.SimError Code=164 "Unable to lookup in current state: Shutting Down" UserInfo={NSLocalizedDescription=Unable to lookup in current state: Shutting Down}
Jul 27 12:01:42 macs-MacBook-Pro CoreSimulatorService[333] <Error>: Error Domain=com.apple.CoreSimulator.SimError Code=164 "Unable to lookup in current state: Shutting Down" UserInfo={NSLocalizedDescription=Unable to lookup in current state: Shutting Down}
Jul 27 12:01:42 macs-MacBook-Pro CoreSimulatorService[333] <Error>: Error Domain=com.apple.CoreSimulator.SimError Code=164 "Unable to lookup in current state: Shutting Down" UserInfo={NSLocalizedDescription=Unable to lookup in current state: Shutting Down}
Jul 27 12:01:42 macs-MacBook-Pro CoreSimulatorService[333] <Error>: Error Domain=com.apple.CoreSimulator.SimError Code=164 "Unable to lookup in current state: Shutting Down" UserInfo={NSLocalizedDescription=Unable to lookup in current state: Shutting Down}
Jul 27 12:25:15 macs-MacBook-Pro CoreSimulatorService[359] <Notice>: com.apple.CoreSimulator.CoreSimulatorService 518.22 starting.
Jul 27 12:38:21 macs-MacBook-Pro CoreSimulatorService[359] <Error>: Error Domain=com.apple.CoreSimulator.SimError Code=164 "Unable to lookup in current state: Shutting Down" UserInfo={NSLocalizedDescription=Unable to lookup in current state: Shutting Down}
Jul 27 12:38:21 macs-MacBook-Pro CoreSimulatorService[359] <Error>: Error Domain=com.apple.CoreSimulator.SimError Code=164 "Unable to lookup in current state: Shutting Down" UserInfo={NSLocalizedDescription=Unable to lookup in current state: Shutting Down}
Jul 27 12:38:21 macs-MacBook-Pro CoreSimulatorService[359] <Error>: Error Domain=com.apple.CoreSimulator.SimError Code=164 "Unable to lookup in current state: Shutting Down" UserInfo={NSLocalizedDescription=Unable to lookup in current state: Shutting Down}
Jul 27 14:19:23 macs-MacBook-Pro CoreSimulatorService[359] <Error>: Error Domain=com.apple.CoreSimulator.SimError Code=164 "Unable to lookup in current state: Shutting Down" UserInfo={NSLocalizedDescription=Unable to lookup in current state: Shutting Down}
Jul 27 14:19:23 macs-MacBook-Pro CoreSimulatorService[359] <Error>: Error Domain=com.apple.CoreSimulator.SimError Code=164 "Unable to lookup in current state: Shutting Down" UserInfo={NSLocalizedDescription=Unable to lookup in current state: Shutting Down}
Jul 27 14:19:23 macs-MacBook-Pro CoreSimulatorService[359] <Error>: Error Domain=com.apple.CoreSimulator.SimError Code=164 "Unable to lookup in current state: Shutting Down" UserInfo={NSLocalizedDescription=Unable to lookup in current state: Shutting Down}
Jul 27 23:07:25 macs-MacBook-Pro CoreSimulatorService[944] <Notice>: com.apple.CoreSimulator.CoreSimulatorService 518.22 starting.
Jul 28 00:29:04 macs-MacBook-Pro CoreSimulatorService[944] <Error>: Error Domain=com.apple.CoreSimulator.SimError Code=164 "Unable to lookup in current state: Shutting Down" UserInfo={NSLocalizedDescription=Unable to lookup in current state: Shutting Down}
Jul 28 00:29:04 macs-MacBook-Pro CoreSimulatorService[944] <Error>: Error Domain=com.apple.CoreSimulator.SimError Code=164 "Unable to lookup in current state: Shutting Down" UserInfo={NSLocalizedDescription=Unable to lookup in current state: Shutting Down}
Jul 28 00:29:04 macs-MacBook-Pro CoreSimulatorService[944] <Error>: Error Domain=com.apple.CoreSimulator.SimError Code=164 "Unable to lookup in current state: Shutting Down" UserInfo={NSLocalizedDescription=Unable to lookup in current state: Shutting Down}
Jul 28 00:39:30 macs-MacBook-Pro CoreSimulatorService[944] <Error>: Error Domain=com.apple.CoreSimulator.SimError Code=164 "Unable to lookup in current state: Shutting Down" UserInfo={NSLocalizedDescription=Unable to lookup in current state: Shutting Down}
Jul 28 00:39:30 macs-MacBook-Pro CoreSimulatorService[944] <Error>: Error Domain=com.apple.CoreSimulator.SimError Code=164 "Unable to lookup in current state: Shutting Down" UserInfo={NSLocalizedDescription=Unable to lookup in current state: Shutting Down}
Jul 28 00:39:30 macs-MacBook-Pro CoreSimulatorService[944] <Error>: Error Domain=com.apple.CoreSimulator.SimError Code=164 "Unable to lookup in current state: Shutting Down" UserInfo={NSLocalizedDescription=Unable to lookup in current state: Shutting Down}
Jul 28 00:39:32 macs-MacBook-Pro CoreSimulatorService[944] <Error>: Error Domain=com.apple.CoreSimulator.SimError Code=164 "Unable to lookup in current state: Shutting Down" UserInfo={NSLocalizedDescription=Unable to lookup in current state: Shutting Down}
Jul 28 00:39:32 macs-MacBook-Pro CoreSimulatorService[944] <Error>: Error Domain=com.apple.CoreSimulator.SimError Code=164 "Unable to lookup in current state: Shutting Down" UserInfo={NSLocalizedDescription=Unable to lookup in current state: Shutting Down}
Jul 28 00:39:32 macs-MacBook-Pro CoreSimulatorService[944] <Error>: Error Domain=com.apple.CoreSimulator.SimError Code=164 "Unable to lookup in current state: Shutting Down" UserInfo={NSLocalizedDescription=Unable to lookup in current state: Shutting Down}
Jul 28 00:39:32 macs-MacBook-Pro CoreSimulatorService[944] <Error>: Error Domain=com.apple.CoreSimulator.SimError Code=164 "Unable to lookup in current state: Shutting Down" UserInfo={NSLocalizedDescription=Unable to lookup in current state: Shutting Down}
Jul 28 00:39:32 macs-MacBook-Pro CoreSimulatorService[944] <Error>: Error Domain=com.apple.CoreSimulator.SimError Code=164 "Unable to lookup in current state: Shutting Down" UserInfo={NSLocalizedDescription=Unable to lookup in current state: Shutting Down}
Jul 28 00:39:32 macs-MacBook-Pro CoreSimulatorService[944] <Error>: Error Domain=com.apple.CoreSimulator.SimError Code=164 "Unable to lookup in current state: Shutting Down" UserInfo={NSLocalizedDescription=Unable to lookup in current state: Shutting Down}
Jul 28 00:39:32 macs-MacBook-Pro CoreSimulatorService[944] <Error>: Error Domain=com.apple.CoreSimulator.SimError Code=164 "Unable to lookup in current state: Shutting Down" UserInfo={NSLocalizedDescription=Unable to lookup in current state: Shutting Down}
Jul 28 00:39:32 macs-MacBook-Pro CoreSimulatorService[944] <Error>: Error Domain=com.apple.CoreSimulator.SimError Code=164 "Unable to lookup in current state: Shutting Down" UserInfo={NSLocalizedDescription=Unable to lookup in current state: Shutting Down}
Jul 28 00:39:32 macs-MacBook-Pro CoreSimulatorService[944] <Error>: Error Domain=com.apple.CoreSimulator.SimError Code=164 "Unable to lookup in current state: Shutting Down" UserInfo={NSLocalizedDescription=Unable to lookup in current state: Shutting Down}
Jul 30 15:41:39 macs-MacBook-Pro CoreSimulatorService[665] <Notice>: com.apple.CoreSimulator.CoreSimulatorService 518.22 starting.
Jul 30 16:17:23 macs-MacBook-Pro CoreSimulatorService[665] <Error>: Error Domain=com.apple.CoreSimulator.SimError Code=164 "Unable to lookup in current state: Shutting Down" UserInfo={NSLocalizedDescription=Unable to lookup in current state: Shutting Down}
Jul 30 16:17:23 macs-MacBook-Pro CoreSimulatorService[665] <Error>: Error Domain=com.apple.CoreSimulator.SimError Code=164 "Unable to lookup in current state: Shutting Down" UserInfo={NSLocalizedDescription=Unable to lookup in current state: Shutting Down}
Jul 30 16:17:23 macs-MacBook-Pro CoreSimulatorService[665] <Error>: Error Domain=com.apple.CoreSimulator.SimError Code=164 "Unable to lookup in current state: Shutting Down" UserInfo={NSLocalizedDescription=Unable to lookup in current state: Shutting Down}
Jul 30 17:03:30 macs-MacBook-Pro CoreSimulatorService[665] <Error>: Error Domain=com.apple.CoreSimulator.SimError Code=164 "Unable to lookup in current state: Shutting Down" UserInfo={NSLocalizedDescription=Unable to lookup in current state: Shutting Down}
Jul 30 17:03:30 macs-MacBook-Pro CoreSimulatorService[665] <Error>: Error Domain=com.apple.CoreSimulator.SimError Code=164 "Unable to lookup in current state: Shutting Down" UserInfo={NSLocalizedDescription=Unable to lookup in current state: Shutting Down}
Jul 30 17:03:30 macs-MacBook-Pro CoreSimulatorService[665] <Error>: Error Domain=com.apple.CoreSimulator.SimError Code=164 "Unable to lookup in current state: Shutting Down" UserInfo={NSLocalizedDescription=Unable to lookup in current state: Shutting Down}
Jul 30 17:03:31 macs-MacBook-Pro CoreSimulatorService[665] <Error>: Error Domain=com.apple.CoreSimulator.SimError Code=164 "Unable to lookup in current state: Shutdown" UserInfo={NSLocalizedDescription=Unable to lookup in current state: Shutdown}
Jul 30 17:03:31 macs-MacBook-Pro CoreSimulatorService[665] <Error>: Error looking up host support port: Error Domain=com.apple.CoreSimulator.SimError Code=164 "Unable to lookup in current state: Shutdown" UserInfo={NSLocalizedDescription=Unable to lookup in current state: Shutdown}
Aug  5 22:35:03 macs-MacBook-Pro CoreSimulatorService[1020] <Notice>: com.apple.CoreSimulator.CoreSimulatorService 518.22 starting.
Aug  5 22:37:03 macs-MacBook-Pro CoreSimulatorService[1020] <Error>: Error Domain=com.apple.CoreSimulator.SimError Code=164 "Unable to lookup in current state: Shutting Down" UserInfo={NSLocalizedDescription=Unable to lookup in current state: Shutting Down}
Aug  5 22:37:03 macs-MacBook-Pro CoreSimulatorService[1020] <Error>: Error Domain=com.apple.CoreSimulator.SimError Code=164 "Unable to lookup in current state: Shutting Down" UserInfo={NSLocalizedDescription=Unable to lookup in current state: Shutting Down}
Aug  5 22:37:03 macs-MacBook-Pro CoreSimulatorService[1020] <Error>: Error Domain=com.apple.CoreSimulator.SimError Code=164 "Unable to lookup in current state: Shutting Down" UserInfo={NSLocalizedDescription=Unable to lookup in current state: Shutting Down}
Aug  5 23:03:39 macs-MacBook-Pro CoreSimulatorService[1020] <Error>: Error Domain=com.apple.CoreSimulator.SimError Code=164 "Unable to lookup in current state: Shutting Down" UserInfo={NSLocalizedDescription=Unable to lookup in current state: Shutting Down}
Aug  5 23:03:39 macs-MacBook-Pro CoreSimulatorService[1020] <Error>: Error Domain=com.apple.CoreSimulator.SimError Code=164 "Unable to lookup in current state: Shutting Down" UserInfo={NSLocalizedDescription=Unable to lookup in current state: Shutting Down}
Aug  5 23:03:39 macs-MacBook-Pro CoreSimulatorService[1020] <Error>: Error Domain=com.apple.CoreSimulator.SimError Code=164 "Unable to lookup service com.apple.CoreSimulator.pasteboard_support: 0x3" UserInfo={NSLocalizedDescription=Unable to lookup service com.apple.CoreSimulator.pasteboard_support: 0x3, NSUnderlyingError=0x608000057820 {Error Domain=NSPOSIXErrorDomain Code=3 "No such process"}}
Aug  5 23:03:40 macs-MacBook-Pro CoreSimulatorService[1020] <Error>: Error Domain=com.apple.CoreSimulator.SimError Code=164 "Unable to lookup in current state: Shutdown" UserInfo={NSLocalizedDescription=Unable to lookup in current state: Shutdown}
Aug  5 23:03:40 macs-MacBook-Pro CoreSimulatorService[1020] <Error>: Error looking up host support port: Error Domain=com.apple.CoreSimulator.SimError Code=164 "Unable to lookup in current state: Shutdown" UserInfo={NSLocalizedDescription=Unable to lookup in current state: Shutdown}
Aug  6 15:44:59 macs-MacBook-Pro CoreSimulatorService[992] <Notice>: com.apple.CoreSimulator.CoreSimulatorService 518.22 starting.
Sep  2 15:21:54 macs-MacBook-Pro-2 CoreSimulatorService[890] <Notice>: com.apple.CoreSimulator.CoreSimulatorService 518.22 starting.
Sep  4 18:09:57 macs-MacBook-Pro-2 CoreSimulatorService[1538] <Notice>: com.apple.CoreSimulator.CoreSimulatorService 518.22 starting.
Sep  4 23:30:06 macs-MacBook-Pro-2 CoreSimulatorService[1538] <Error>: Error Domain=com.apple.CoreSimulator.SimError Code=164 "Unable to lookup in current state: Shutting Down" UserInfo={NSLocalizedDescription=Unable to lookup in current state: Shutting Down}
Sep  4 23:30:06 macs-MacBook-Pro-2 CoreSimulatorService[1538] <Error>: Error Domain=com.apple.CoreSimulator.SimError Code=164 "Unable to lookup in current state: Shutting Down" UserInfo={NSLocalizedDescription=Unable to lookup in current state: Shutting Down}
Sep  4 23:30:06 macs-MacBook-Pro-2 CoreSimulatorService[1538] <Error>: Error Domain=com.apple.CoreSimulator.SimError Code=164 "Unable to lookup in current state: Shutting Down" UserInfo={NSLocalizedDescription=Unable to lookup in current state: Shutting Down}
Sep  5 00:01:30 macs-MacBook-Pro-2 CoreSimulatorService[1538] <Error>: Error Domain=com.apple.CoreSimulator.SimError Code=164 "Unable to lookup in current state: Shutting Down" UserInfo={NSLocalizedDescription=Unable to lookup in current state: Shutting Down}
Sep  5 00:01:30 macs-MacBook-Pro-2 CoreSimulatorService[1538] <Error>: Error Domain=com.apple.CoreSimulator.SimError Code=164 "Unable to lookup in current state: Shutting Down" UserInfo={NSLocalizedDescription=Unable to lookup in current state: Shutting Down}
Sep  5 00:01:30 macs-MacBook-Pro-2 CoreSimulatorService[1538] <Error>: Error Domain=com.apple.CoreSimulator.SimError Code=164 "Unable to lookup in current state: Shutting Down" UserInfo={NSLocalizedDescription=Unable to lookup in current state: Shutting Down}
Sep 12 09:55:49 macs-MacBook-Pro-2 CoreSimulatorService[854] <Notice>: com.apple.CoreSimulator.CoreSimulatorService 518.22 starting.
Sep 12 09:57:40 macs-MacBook-Pro-2 CoreSimulatorService[854] <Error>: Error Domain=com.apple.CoreSimulator.SimError Code=164 "Unable to lookup in current state: Shutting Down" UserInfo={NSLocalizedDescription=Unable to lookup in current state: Shutting Down}
Sep 12 09:57:40 macs-MacBook-Pro-2 CoreSimulatorService[854] <Error>: Error Domain=com.apple.CoreSimulator.SimError Code=164 "Unable to lookup in current state: Shutting Down" UserInfo={NSLocalizedDescription=Unable to lookup in current state: Shutting Down}
Sep 12 09:57:40 macs-MacBook-Pro-2 CoreSimulatorService[854] <Error>: Error Domain=com.apple.CoreSimulator.SimError Code=164 "Unable to lookup in current state: Shutting Down" UserInfo={NSLocalizedDescription=Unable to lookup in current state: Shutting Down}
Sep 12 10:09:25 macs-MacBook-Pro-2 CoreSimulatorService[854] <Error>: Error Domain=com.apple.CoreSimulator.SimError Code=164 "Unable to lookup in current state: Shutting Down" UserInfo={NSLocalizedDescription=Unable to lookup in current state: Shutting Down}
Sep 12 10:09:25 macs-MacBook-Pro-2 CoreSimulatorService[854] <Error>: Error Domain=com.apple.CoreSimulator.SimError Code=164 "Unable to lookup in current state: Shutting Down" UserInfo={NSLocalizedDescription=Unable to lookup in current state: Shutting Down}
Sep 12 10:09:25 macs-MacBook-Pro-2 CoreSimulatorService[854] <Error>: Error Domain=com.apple.CoreSimulator.SimError Code=164 "Unable to lookup in current state: Shutting Down" UserInfo={NSLocalizedDescription=Unable to lookup in current state: Shutting Down}
Sep 23 19:25:23 macs-MacBook-Pro-2 CoreSimulatorService[6191] <Notice>: com.apple.CoreSimulator.CoreSimulatorService 518.22 starting.
Sep 25 12:21:24 amazon-d8af85d60 CoreSimulatorService[1111] <Notice>: com.apple.CoreSimulator.CoreSimulatorService 518.22 starting.
Oct  2 12:02:51 LAPTOP-G55S6AQ8 CoreSimulatorService[2396] <Notice>: com.apple.CoreSimulator.CoreSimulatorService 518.22 starting.
Oct 14 17:29:20 macs-MacBook-Pro-2 CoreSimulatorService[2631] <Notice>: com.apple.CoreSimulator.CoreSimulatorService 518.22 starting.
Oct 25 13:29:55 macs-MacBook-Pro-2 CoreSimulatorService[1100] <Notice>: com.apple.CoreSimulator.CoreSimulatorService 572.2 starting.
Oct 25 13:29:55 macs-MacBook-Pro-2 CoreSimulatorService[1100] <Warning>: Device DD12C5E7-D045-45E4-95CB-418C6EBA2666 encountered in creation state at launch.  The device will be re-created.
Oct 25 13:29:55 macs-MacBook-Pro-2 CoreSimulatorService[1100] <Warning>: Device 13CA7DD9-92F1-4D83-8DBC-EFC138D14C8C encountered in creation state at launch.  The device will be re-created.
Oct 25 13:29:55 macs-MacBook-Pro-2 CoreSimulatorService[1100] <Warning>: Device 8800ED9A-3262-4D7D-A405-41A677F52DCA encountered in creation state at launch.  The device will be re-created.
Oct 25 13:29:55 macs-MacBook-Pro-2 CoreSimulatorService[1100] <Warning>: Device D2D59200-8F41-48DD-8993-033C3D2199A8 encountered in creation state at launch.  The device will be re-created.
Oct 25 13:29:55 macs-MacBook-Pro-2 CoreSimulatorService[1100] <Warning>: Device EE7F4911-A27D-4213-8962-7B5A2107FD24 encountered in creation state at launch.  The device will be re-created.
Oct 25 13:29:55 macs-MacBook-Pro-2 CoreSimulatorService[1100] <Warning>: Device 905C0FAE-7C5B-4352-B282-5EFF15458707 encountered in creation state at launch.  The device will be re-created.
Oct 25 13:29:55 macs-MacBook-Pro-2 CoreSimulatorService[1100] <Warning>: Device 03366582-DA83-40AB-9806-51360BEF7947 encountered in creation state at launch.  The device will be re-created.
Oct 25 13:29:55 macs-MacBook-Pro-2 CoreSimulatorService[1100] <Warning>: Device 5C0133F1-6161-4C57-AEE5-214E26DADE6A encountered in creation state at launch.  The device will be re-created.
Oct 25 13:29:55 macs-MacBook-Pro-2 CoreSimulatorService[1100] <Warning>: Device 62D04F95-F4E5-4267-BB28-1AA3CE251F4B encountered in creation state at launch.  The device will be re-created.
Oct 25 13:29:55 macs-MacBook-Pro-2 CoreSimulatorService[1100] <Warning>: Device A80A212A-7079-4B00-B008-FBAB9A8A43AC encountered in creation state at launch.  The device will be re-created.
Oct 25 13:29:55 macs-MacBook-Pro-2 CoreSimulatorService[1100] <Warning>: Device F4C793B9-D35B-4CA0-91C5-7772B7EEE58F encountered in creation state at launch.  The device will be re-created.
Oct 25 13:29:55 macs-MacBook-Pro-2 CoreSimulatorService[1100] <Warning>: Device 5F8234B9-B2E1-476C-8A2D-7F58FDDF9674 encountered in creation state at launch.  The device will be re-created.
Oct 25 13:29:56 macs-MacBook-Pro-2 CoreSimulatorService[1100] <Warning>: Device D20CFEF0-BA5B-4746-88CE-6CA59D552DAE encountered in creation state at launch.  The device will be re-created.
Oct 25 13:29:56 macs-MacBook-Pro-2 CoreSimulatorService[1100] <Warning>: Device 7AAB3A55-4A4E-4035-B54E-E8E05D018315 encountered in creation state at launch.  The device will be re-created.
Oct 25 13:29:56 macs-MacBook-Pro-2 CoreSimulatorService[1100] <Warning>: Device C162332F-25C0-4825-9F11-FA4A00FF22D4 encountered in creation state at launch.  The device will be re-created.
Oct 25 13:29:56 macs-MacBook-Pro-2 CoreSimulatorService[1100] <Warning>: Device 86CA0926-BCBA-4D8B-96A3-F23D82B65194 encountered in creation state at launch.  The device will be re-created.
Oct 25 13:29:56 macs-MacBook-Pro-2 CoreSimulatorService[1100] <Warning>: Device E484CC72-2F63-4FE9-90AC-8A9BD3FB015B encountered in creation state at launch.  The device will be re-created.
Oct 25 13:29:56 macs-MacBook-Pro-2 CoreSimulatorService[1100] <Warning>: Device 8F59684B-33BC-4E56-87CA-F388505E035F encountered in creation state at launch.  The device will be re-created.
Oct 25 13:29:56 macs-MacBook-Pro-2 CoreSimulatorService[1100] <Warning>: Device AF26572D-ECA4-4162-89C1-3CD91A47EAB2 encountered in creation state at launch.  The device will be re-created.
Oct 25 13:29:56 macs-MacBook-Pro-2 CoreSimulatorService[1100] <Warning>: Device 5769C46E-1494-44A7-A721-20A5F78D13F3 encountered in creation state at launch.  The device will be re-created.
Oct 25 13:29:56 macs-MacBook-Pro-2 CoreSimulatorService[1100] <Warning>: Device 36025EA7-7D99-4A05-8FA7-5099D8B5E6D0 encountered in creation state at launch.  The device will be re-created.
Oct 25 13:29:56 macs-MacBook-Pro-2 CoreSimulatorService[1100] <Warning>: Device 5ADC7270-D9F2-419F-A761-8825BBB4A556 encountered in creation state at launch.  The device will be re-created.
Oct 25 13:29:56 macs-MacBook-Pro-2 CoreSimulatorService[1100] <Warning>: Device D4ABFF23-1678-4141-92E6-0A86B5425354 encountered in creation state at launch.  The device will be re-created.
Oct 25 13:29:56 macs-MacBook-Pro-2 CoreSimulatorService[1100] <Warning>: Device F08D3847-865A-404A-9913-EC86F8D48724 encountered in creation state at launch.  The device will be re-created.
Oct 25 13:29:56 macs-MacBook-Pro-2 CoreSimulatorService[1100] <Warning>: Device 12A88E21-E711-4B3B-BFE8-897A1C7465F2 encountered in creation state at launch.  The device will be re-created.
Oct 25 13:29:56 macs-MacBook-Pro-2 CoreSimulatorService[1100] <Warning>: Device 3532137C-9149-4FE5-820A-C2E9A7204CD3 encountered in creation state at launch.  The device will be re-created.
Oct 25 13:29:56 macs-MacBook-Pro-2 CoreSimulatorService[1100] <Warning>: Device 9A5FBD4E-D513-4EC2-BA68-7EA41FC15C21 encountered in creation state at launch.  The device will be re-created.
Oct 25 13:29:56 macs-MacBook-Pro-2 CoreSimulatorService[1100] <Warning>: Device 3DACF778-6BAF-43A3-99E5-296388ECE8E6 encountered in creation state at launch.  The device will be re-created.
Oct 25 13:29:56 macs-MacBook-Pro-2 CoreSimulatorService[1100] <Warning>: Device 8C6646CA-D3F6-4897-B863-3C148B308AED encountered in creation state at launch.  The device will be re-created.
Oct 25 13:29:56 macs-MacBook-Pro-2 CoreSimulatorService[1100] <Warning>: Device CF8D98BE-60B6-4D20-8B63-56DA63F2ADBD encountered in creation state at launch.  The device will be re-created.
Oct 25 13:29:56 macs-MacBook-Pro-2 CoreSimulatorService[1100] <Warning>: Device 29FE3237-05E7-4827-8B21-CB80BFABAD3C encountered in creation state at launch.  The device will be re-created.
Oct 25 13:30:13 macs-MacBook-Pro-2 CoreSimulatorService[1100] <Warning>: Device 911E3044-3109-49DD-B64D-3F762B0DE082 encountered in creation state at launch.  The device will be re-created.
Oct 25 13:30:13 macs-MacBook-Pro-2 com.apple.ibtool[1124] <Notice>: Spawning processes in an unbooted state without setting kSimDeviceSpawnStandalone is deprecated.
Oct 25 13:30:13 macs-MacBook-Pro-2 com.apple.ibtool[1123] <Notice>: Spawning processes in an unbooted state without setting kSimDeviceSpawnStandalone is deprecated.
Oct 25 13:30:13 macs-MacBook-Pro-2 com.apple.ibtool[1174] <Notice>: Spawning processes in an unbooted state without setting kSimDeviceSpawnStandalone is deprecated.
Oct 25 13:31:15 macs-MacBook-Pro-2 CoreSimulatorService[1100] <Error>: Error Domain=com.apple.CoreSimulator.SimError Code=164 "Unable to lookup in current state: Shutting Down" UserInfo={NSLocalizedDescription=Unable to lookup in current state: Shutting Down}
Oct 25 13:31:15 macs-MacBook-Pro-2 CoreSimulatorService[1100] <Error>: Error Domain=com.apple.CoreSimulator.SimError Code=164 "Unable to lookup in current state: Shutting Down" UserInfo={NSLocalizedDescription=Unable to lookup in current state: Shutting Down}
Oct 25 13:31:15 macs-MacBook-Pro-2 CoreSimulatorService[1100] <Error>: Error Domain=com.apple.CoreSimulator.SimError Code=164 "Unable to lookup in current state: Shutting Down" UserInfo={NSLocalizedDescription=Unable to lookup in current state: Shutting Down}
Oct 25 13:31:15 macs-MacBook-Pro-2 CoreSimulatorService[1100] <Error>: Error Domain=com.apple.CoreSimulator.SimError Code=164 "Unable to lookup in current state: Shutting Down" UserInfo={NSLocalizedDescription=Unable to lookup in current state: Shutting Down}
Oct 25 13:31:15 macs-MacBook-Pro-2 CoreSimulatorService[1100] <Error>: Error Domain=com.apple.CoreSimulator.SimError Code=164 "Unable to lookup in current state: Shutting Down" UserInfo={NSLocalizedDescription=Unable to lookup in current state: Shutting Down}
Nov  4 16:22:48 macs-MacBook-Pro-2 CoreSimulatorService[717] <Notice>: com.apple.CoreSimulator.CoreSimulatorService 572.2 starting.
Nov  7 12:16:07 macs-MacBook-Pro-2 CoreSimulatorService[818] <Notice>: com.apple.CoreSimulator.CoreSimulatorService 572.2 starting.
Nov  7 12:18:02 macs-MacBook-Pro-2 CoreSimulatorService[818] <Error>: Error Domain=com.apple.CoreSimulator.SimError Code=164 "Unable to lookup in current state: Shutting Down" UserInfo={NSLocalizedDescription=Unable to lookup in current state: Shutting Down}
Nov  7 12:18:02 macs-MacBook-Pro-2 CoreSimulatorService[818] <Error>: Error Domain=com.apple.CoreSimulator.SimError Code=164 "Unable to lookup in current state: Shutting Down" UserInfo={NSLocalizedDescription=Unable to lookup in current state: Shutting Down}
Nov  7 12:18:02 macs-MacBook-Pro-2 CoreSimulatorService[818] <Error>: Error Domain=com.apple.CoreSimulator.SimError Code=164 "Unable to lookup in current state: Shutting Down" UserInfo={NSLocalizedDescription=Unable to lookup in current state: Shutting Down}
Nov  7 12:18:02 macs-MacBook-Pro-2 CoreSimulatorService[818] <Error>: Error Domain=com.apple.CoreSimulator.SimError Code=164 "Unable to lookup in current state: Shutting Down" UserInfo={NSLocalizedDescription=Unable to lookup in current state: Shutting Down}
Nov  7 12:18:02 macs-MacBook-Pro-2 CoreSimulatorService[818] <Error>: Error Domain=com.apple.CoreSimulator.SimError Code=164 "Unable to lookup in current state: Shutting Down" UserInfo={NSLocalizedDescription=Unable to lookup in current state: Shutting Down}
