Log file open, 09/06/18 16:04:42
AppSettings: Version: 7.14.2-4231683+++Portal+Release-Live
AppSettings: CommandLine:  -silent
AppSettings: RunningCommandlet: false
AppSettings: ForwardMessage: false
AppSettings: ForcedRestart: false
AppSettings: bAllowMultipleInstances: false
AppSettings: bBootstrap: false
AppSettings: bSilent: true
AppSettings: bForceDeprecated: false
AppSettings: bDoesCompiledPlatformMatch: true
AppSettings: bIsUnattended: false
AppSettings: bAllowFullAppTesting: false
AppSettings: bIsExecutingAutomation: false
AppSettings: Mode: default
LogInit: MacPlatform: Running 64bit App: true
LogInit: MacPlatform: Running 64bit OS: true
LogPlatformFile: Not using cached read wrapper
LogInit: Display: RandInit(-372670469) SRandInit(-372670438).
LogTaskGraph: Started task graph with 4 named threads and 7 total threads with 1 sets of task threads.
LogPluginManager: Mounting plugin VisualStudioSourceCodeAccess
LogPluginManager: Mounting plugin XCodeSourceCodeAccess
LogPluginManager: Mounting plugin MessagingDebugger
LogPluginManager: Mounting plugin UdpMessaging
LogInit: Build: 7.14.2-4231683+++Portal+Release-Live
LogInit: Engine Version: 4.18.0-4231683+++Portal+Release-Live
LogInit: Compatible Engine Version: 4.18.0-4231683+++Portal+Release-Live
LogInit: Net CL: 4231683
LogInit: Compiled (64-bit): Jul 25 2018 14:12:37
LogInit: Compiled with Clang: 9.1.0 (clang-902.0.39.1)
LogInit: Build Configuration: Shipping
LogInit: Branch Name: ++Portal+Release-Live
LogInit: Command line:  -silent -SaveToUserDir -Messaging
LogInit: Base directory: /Applications/Epic Games Launcher.app/Contents/UE4/EpicGamesLauncher/Binaries/Mac/
LogInit: Installed Engine Build: 1
LogInit: Presizing for max 100000 objects, including 0 objects not considered by GC, pre-allocating 0 bytes for permanent pool.
LogInit: Object subsystem initialized
[2018.09.06-23.04.42:209][  0]LogInit: macOS 10.13.5 (17F77)
[2018.09.06-23.04.42:209][  0]LogInit: Model: MacBookPro13,3
[2018.09.06-23.04.42:209][  0]LogInit: CPU: Intel(R) Core(TM) i7-6700HQ CPU @ 2.60GHz
[2018.09.06-23.04.42:209][  0]LogInit: CPU Page size=4096, Cores=4, HT=8
[2018.09.06-23.04.42:209][  0]LogInit: Computer: macs-MacBook-Pro-2.local
[2018.09.06-23.04.42:209][  0]LogInit: User: mac
[2018.09.06-23.04.42:209][  0]LogInit: High frequency timer resolution =1000.000000 MHz
[2018.09.06-23.04.42:209][  0]LogInit: Power Source: Battery Power
[2018.09.06-23.04.42:209][  0]LogInit: Memory total: Physical=16.0GB (16GB approx) Pagefile=0.0GB Virtual=16.0GB
[2018.09.06-23.04.42:345][  0]LogAssetRegistry: FAssetRegistry took 0.0247 seconds to start up
[2018.09.06-23.04.42:351][  0]LogUObjectArray: 217 objects as part of root set at end of initial load.
[2018.09.06-23.04.42:351][  0]LogUObjectAllocator: 36656 out of 0 bytes used by permanent object pool.
[2018.09.06-23.04.42:351][  0]LogUObjectArray: CloseDisregardForGC: 0/0 objects in disregard for GC pool
[2018.09.06-23.04.42:351][  0]LogInit: Using OS detected language (en-US).
[2018.09.06-23.04.42:351][  0]LogInit: Using OS detected locale (en-US).
[2018.09.06-23.04.42:366][  0]LogTextLocalizationManager: No specific localization for 'en-US' exists, so the 'en' localization will be used.
[2018.09.06-23.04.42:381][  0]LogPackageLocalizationCache: Processed 2 localized package path(s) for 2 prioritized culture(s) in 0.000053 seconds
[2018.09.06-23.04.42:443][  0]LogTaskGraph: Started task graph with 4 named threads and 7 total threads with 1 sets of task threads.
[2018.09.06-23.04.42:594][  0]LogSlate: Using Freetype 2.4.12
[2018.09.06-23.04.42:608][  0]LogSlate: SlateFontCache - WITH_FREETYPE: 1, WITH_HARFBUZZ: 1
[2018.09.06-23.04.42:766][  0]LogUdpMessaging: Initializing bridge on interface 0.0.0.0:0 to multicast group 230.0.0.1:6666.
[2018.09.06-23.04.42:804][  0]Portal: Constructing App Data Access Layer
[2018.09.06-23.04.42:810][  0]LogBuildInfoRepository: Using LauncherLabel Live-Belica
[2018.09.06-23.04.42:867][  0]LogSelfUpdateService: Initialising for EpicGamesLauncher 7.14.2-4231683+++Portal+Release-Live-Mac.
[2018.09.06-23.04.42:869][  0]LogStreaming: Warning: Failed to read file '/Users/mac/Library/Application Support/Epic/EpicGamesLauncher/Data/LauncherUpdate.manifest' error.
[2018.09.06-23.04.42:869][  0]Portal: Constructing App Domain Layer
[2018.09.06-23.04.43:188][  0]Portal: Constructing App Presentation Layer
[2018.09.06-23.04.43:202][  0]FCommunityPortalManagerImpl::SetUnrealEnginePortalViewModel UEPVM:2
[2018.09.06-23.04.43:202][  0]Portal: Constructing App UI Layer
[2018.09.06-23.04.43:346][  3]FCommunityPortalManagerImpl: Change State CPManagerState_Init->CPManagerState_WaitingRoom
[2018.09.06-23.04.43:347][  3][SignInRouter] GoToUrl('/waiting-room')
[2018.09.06-23.04.43:347][  3][SignInRouter]    Resolved To: '/waiting-room'
[2018.09.06-23.04.43:347][  3][SignInRouter]    Best Match: waiting-room
[2018.09.06-23.04.43:348][  3][SignInRouter]    Navigation Complete.
[2018.09.06-23.04.43:500][  6]Manifest Check:   0x0x7fea554628c0   Version:   ++Fortnite+Release-5.30-CL-4318921-Mac   AppName:   Fortnite  CPAM Line: 2247 Desc: HandleInstalledManifestReceived 
[2018.09.06-23.04.43:500][  6]FCommunityPortalAppManagerImpl: Keeping discovered manifest
[2018.09.06-23.04.43:656][  8]FCommunityPortalManagerImpl: Change State CPManagerState_WaitingRoom->CPManagerState_UserLogin
[2018.09.06-23.04.43:656][  8][SignInRouter] GoToUrl('/epic-login')
[2018.09.06-23.04.43:657][  8][SignInRouter]    Resolved To: '/epic-login'
[2018.09.06-23.04.43:657][  8][SignInRouter]    Best Match: epic-login
[2018.09.06-23.04.44:441][ 20]LogSelfUpdateService: Launcher build response 7.14.2-4231683+++Portal+Release-Live-Mac.
[2018.09.06-23.04.44:441][ 20]LogSelfUpdateService: Launcher is up-to-date with the latest available version.
[2018.09.06-23.04.44:441][ 20]LogSelfUpdateService: Waiting for next version update.
[2018.09.06-23.04.44:442][ 20]LogEmsContentProvider: Content build response ++Portal+Main+prod-CL-4348809-Mac.
[2018.09.06-23.04.44:442][ 20]LogEmsContentProvider: Requesting content manifest.
[2018.09.06-23.04.44:636][ 23][SignInRouter]    Canceling in progress navigation. New command issued.
[2018.09.06-23.04.44:637][ 23][SignInRouter]    Navigation Canceled.
[2018.09.06-23.04.44:637][ 23][SignInRouter] RedirectToUrl('https://accounts.launcher-website-prod07.ol.epicgames.com/login/launcher?redirectUrl=https%3A%2F%2Faccounts.launcher-website-prod07.ol.epicgames.com%2Flogin%2FshowPleaseWait%3Fclient_id%3D24a1bff3f90749efbfcbc576c626a282%26rememberEmail%3Dfalse&client_id=24a1bff3f90749efbfcbc576c626a282&isLauncher=true')
[2018.09.06-23.04.44:637][ 23][SignInRouter]    Resolved To: '/login/launcher?redirectUrl=https%3A%2F%2Faccounts.launcher-website-prod07.ol.epicgames.com%2Flogin%2FshowPleaseWait%3Fclient_id%3D24a1bff3f90749efbfcbc576c626a282%26rememberEmail%3Dfalse&client_id=24a1bff3f90749efbfcbc576c626a282&isLauncher=true'
[2018.09.06-23.04.44:637][ 23][SignInRouter]    Best Match: login
[2018.09.06-23.04.44:715][ 24]LogEmsContentProvider: Content manifest received.
[2018.09.06-23.04.44:721][ 24]LogBuildPatchServices: FBuildPatchInstaller CTOR Configuration.InstallManifest Check:   0x0x7fea5a632c00
[2018.09.06-23.04.44:721][ 24]LogBuildPatchServices: FBuildPatchInstaller CTOR Configuration.CurrentManifest Check:   0x0x7fea512d0fe0
[2018.09.06-23.04.44:721][ 24]LogBuildPatchServices: FBuildPatchInstaller CTOR CurrentBuildManifest Check:   0x0x7fea512d0fe0
[2018.09.06-23.04.44:721][ 24]LogBuildPatchServices: FBuildPatchInstaller CTOR NewBuildManifest Check:   0x0x7fea5a632c00
[2018.09.06-23.04.44:722][ 24]LogBuildPatchServices: Build Config: InstallManifest: 0x0x7fea5a632c00
[2018.09.06-23.04.44:722][ 24]LogBuildPatchServices: Build Config: InstallManifest Version: ++Portal+Main+prod-CL-4348809-Mac
[2018.09.06-23.04.44:722][ 24]LogBuildPatchServices: Build Config: CurrentManifest: 0x0x7fea512d0fe0
[2018.09.06-23.04.44:722][ 24]LogBuildPatchServices: Build Config: CurrentManifest Version: ++Portal+Main+prod-CL-4341984-Mac
[2018.09.06-23.04.44:722][ 24]LogBuildPatchServices: Build Config: InstallDirectory: /Users/mac/Library/Application Support/Epic/EpicGamesLauncher/Data/EMS/EpicGamesLauncher
[2018.09.06-23.04.44:722][ 24]LogBuildPatchServices: Build Config: StagingDirectory: /Users/mac/Library/Application Support/Epic/EpicGamesLauncher/Data/EMS/stage/
[2018.09.06-23.04.44:722][ 24]LogBuildPatchServices: Build Config: BackupDirectory: 
[2018.09.06-23.04.44:722][ 24]LogBuildPatchServices: Build Config: CloudDirectories: https://epicgames-download1.akamaized.net/Builds/UnrealEngineLauncher/CloudDir
[2018.09.06-23.04.44:722][ 24]LogBuildPatchServices: Build Config: CloudDirectories: https://epicgames-download1.akamaized.net/Builds/UnrealEngineLauncher/CloudDir
[2018.09.06-23.04.44:722][ 24]LogBuildPatchServices: Build Config: CloudDirectories: https://download.epicgames.com/Builds/UnrealEngineLauncher/CloudDir
[2018.09.06-23.04.44:722][ 24]LogBuildPatchServices: Build Config: CloudDirectories: https://download2.epicgames.com/Builds/UnrealEngineLauncher/CloudDir
[2018.09.06-23.04.44:722][ 24]LogBuildPatchServices: Build Config: CloudDirectories: https://download3.epicgames.com/Builds/UnrealEngineLauncher/CloudDir
[2018.09.06-23.04.44:722][ 24]LogBuildPatchServices: Build Config: CloudDirectories: https://download4.epicgames.com/Builds/UnrealEngineLauncher/CloudDir
[2018.09.06-23.04.44:722][ 24]LogBuildPatchServices: Build Config: InstallTags: 
[2018.09.06-23.04.44:722][ 24]LogBuildPatchServices: Build Config: ValidTags: 
[2018.09.06-23.04.44:722][ 24]LogBuildPatchServices: Build Config: InstallMode: EInstallMode::NonDestructiveInstall
[2018.09.06-23.04.44:722][ 24]LogBuildPatchServices: Build Config: VerifyMode: EVerifyMode::ShaVerifyAllFiles
[2018.09.06-23.04.44:722][ 24]LogBuildPatchServices: Build Config: bIsRepair: false
[2018.09.06-23.04.44:722][ 24]LogBuildPatchServices: Build Config: bRunRequiredPrereqs: true
[2018.09.06-23.04.44:722][ 24]LogBuildPatchServices: Build Config: bAllowConcurrentExecution: false
[2018.09.06-23.04.44:722][ 24]LogEmsContentProvider: Installer started.
[2018.09.06-23.04.44:724][ 24]LogBuildPatchServices: Starting Installation
[2018.09.06-23.04.44:820][ 25]LogBuildPatchServices: Requiring 2 files
[2018.09.06-23.04.44:820][ 25]BuildPatchResumeData file found 0
[2018.09.06-23.04.45:109][ 31]LogBuildPatchServices: File construction complete
[2018.09.06-23.04.45:215][ 32]LogBuildPatchServices: Staged install complete
[2018.09.06-23.04.45:215][ 32]LogBuildPatchServices: Running backup and stage relocation
[2018.09.06-23.04.45:215][ 32]LogBuildPatchServices: Create MM
[2018.09.06-23.04.45:215][ 32]LogBuildPatchServices: Relocation complete 1
[2018.09.06-23.04.45:215][ 32]LogBuildPatchServices: Verifying install
[2018.09.06-23.04.45:215][ 32]LogBuildPatchServices: Verify stage complete 1
[2018.09.06-23.04.45:215][ 32]LogBuildPatchServices: Deleting staging area.
[2018.09.06-23.04.45:215][ 32]LogBuildPatchServices: Reset MM.
[2018.09.06-23.04.45:215][ 32]LogBuildPatchServices: Build Stat: AppName: EpicGamesLauncherContent
[2018.09.06-23.04.45:215][ 32]LogBuildPatchServices: Build Stat: AppInstalledVersion: ++Portal+Main+prod-CL-4341984-Mac
[2018.09.06-23.04.45:215][ 32]LogBuildPatchServices: Build Stat: AppPatchVersion: ++Portal+Main+prod-CL-4348809-Mac
[2018.09.06-23.04.45:215][ 32]LogBuildPatchServices: Build Stat: CloudDirectory: https://epicgames-download1.akamaized.net/Builds/UnrealEngineLauncher/CloudDir
[2018.09.06-23.04.45:216][ 32]LogBuildPatchServices: Build Stat: NumFilesInBuild: 261
[2018.09.06-23.04.45:216][ 32]LogBuildPatchServices: Build Stat: NumFilesOutdated: 2
[2018.09.06-23.04.45:216][ 32]LogBuildPatchServices: Build Stat: NumFilesToRemove: 0
[2018.09.06-23.04.45:216][ 32]LogBuildPatchServices: Build Stat: NumChunksRequired: 1
[2018.09.06-23.04.45:216][ 32]LogBuildPatchServices: Build Stat: ChunksQueuedForDownload: 1
[2018.09.06-23.04.45:216][ 32]LogBuildPatchServices: Build Stat: ChunksLocallyAvailable: 0
[2018.09.06-23.04.45:216][ 32]LogBuildPatchServices: Build Stat: ChunksInChunkDbs: 0
[2018.09.06-23.04.45:216][ 32]LogBuildPatchServices: Build Stat: NumChunksDownloaded: 1
[2018.09.06-23.04.45:216][ 32]LogBuildPatchServices: Build Stat: NumChunksRecycled: 0
[2018.09.06-23.04.45:216][ 32]LogBuildPatchServices: Build Stat: NumChunksReadFromChunkDbs: 0
[2018.09.06-23.04.45:216][ 32]LogBuildPatchServices: Build Stat: NumFailedDownloads: 0
[2018.09.06-23.04.45:216][ 32]LogBuildPatchServices: Build Stat: NumBadDownloads: 0
[2018.09.06-23.04.45:216][ 32]LogBuildPatchServices: Build Stat: NumAbortedDownloads: 0
[2018.09.06-23.04.45:216][ 32]LogBuildPatchServices: Build Stat: NumRecycleFailures: 0
[2018.09.06-23.04.45:216][ 32]LogBuildPatchServices: Build Stat: NumChunksStoreBooted: 0
[2018.09.06-23.04.45:216][ 32]LogBuildPatchServices: Build Stat: NumDriveStoreChunkLoads: 0
[2018.09.06-23.04.45:216][ 32]LogBuildPatchServices: Build Stat: NumDriveStoreLoadFailures: 0
[2018.09.06-23.04.45:216][ 32]LogBuildPatchServices: Build Stat: NumChunkDbChunksFailed: 0
[2018.09.06-23.04.45:216][ 32]LogBuildPatchServices: Build Stat: TotalDownloadedData: 1012843
[2018.09.06-23.04.45:216][ 32]LogBuildPatchServices: Build Stat: AverageDownloadSpeed: 6,567,340.635 bytes (6.567 MB, 6.263 MiB) /sec
[2018.09.06-23.04.45:216][ 32]LogBuildPatchServices: Build Stat: PeakDownloadSpeed: 6,567,340.635 bytes (6.567 MB, 6.263 MiB) /sec
[2018.09.06-23.04.45:216][ 32]LogBuildPatchServices: Build Stat: TotalReadData: 5902769
[2018.09.06-23.04.45:216][ 32]LogBuildPatchServices: Build Stat: AverageDiskReadSpeed: 295,037,443.931 bytes (295.037 MB, 281.369 MiB) /sec
[2018.09.06-23.04.45:216][ 32]LogBuildPatchServices: Build Stat: PeakDiskReadSpeed: 295,037,443.931 bytes (295.037 MB, 281.369 MiB) /sec
[2018.09.06-23.04.45:216][ 32]LogBuildPatchServices: Build Stat: TotalWrittenData: 22186
[2018.09.06-23.04.45:216][ 32]LogBuildPatchServices: Build Stat: AverageDiskWriteSpeed: 17,684,470.968 bytes (17.684 MB, 16.864 MiB) /sec
[2018.09.06-23.04.45:216][ 32]LogBuildPatchServices: Build Stat: PeakDiskWriteSpeed: 17,684,470.968 bytes (17.684 MB, 16.864 MiB) /sec
[2018.09.06-23.04.45:216][ 32]LogBuildPatchServices: Build Stat: NumFilesConstructed: 2
[2018.09.06-23.04.45:216][ 32]LogBuildPatchServices: Build Stat: InitializeTime: 12 ms
[2018.09.06-23.04.45:216][ 32]LogBuildPatchServices: Build Stat: TheoreticalDownloadTime: 154 ms
[2018.09.06-23.04.45:216][ 32]LogBuildPatchServices: Build Stat: ConstructTime: 325 ms
[2018.09.06-23.04.45:216][ 32]LogBuildPatchServices: Build Stat: MoveFromStageTime: 10 ms
[2018.09.06-23.04.45:216][ 32]LogBuildPatchServices: Build Stat: FileAttributesTime: 0 ms
[2018.09.06-23.04.45:216][ 32]LogBuildPatchServices: Build Stat: VerifyTime: 25 ms
[2018.09.06-23.04.45:216][ 32]LogBuildPatchServices: Build Stat: CleanUpTime: 0 ms
[2018.09.06-23.04.45:216][ 32]LogBuildPatchServices: Build Stat: PrereqTime: 0 ms
[2018.09.06-23.04.45:216][ 32]LogBuildPatchServices: Build Stat: ProcessPausedTime: 0 ms
[2018.09.06-23.04.45:216][ 32]LogBuildPatchServices: Build Stat: ProcessActiveTime: 457 ms
[2018.09.06-23.04.45:216][ 32]LogBuildPatchServices: Build Stat: ProcessExecuteTime: 457 ms
[2018.09.06-23.04.45:216][ 32]LogBuildPatchServices: Build Stat: ProcessSuccess: TRUE
[2018.09.06-23.04.45:216][ 32]LogBuildPatchServices: Build Stat: ErrorCode: OK
[2018.09.06-23.04.45:216][ 32]LogBuildPatchServices: Build Stat: FailureReasonText: The operation was successful.
[2018.09.06-23.04.45:216][ 32]LogBuildPatchServices: Build Stat: FailureType: SUCCESS
[2018.09.06-23.04.45:216][ 32]LogBuildPatchServices: Build Stat: NumInstallRetries: 0
[2018.09.06-23.04.45:216][ 32]LogBuildPatchServices: Build Stat: FinalProgressValue: 1.000000
[2018.09.06-23.04.45:216][ 32]LogBuildPatchServices: Build Stat: OverallRequestSuccessRate: 1.000000
[2018.09.06-23.04.45:216][ 32]LogBuildPatchServices: Build Stat: ExcellentDownloadHealthTime: 337 ms
[2018.09.06-23.04.45:216][ 32]LogBuildPatchServices: Build Stat: GoodDownloadHealthTime: 0 ms
[2018.09.06-23.04.45:216][ 32]LogBuildPatchServices: Build Stat: OkDownloadHealthTime: 0 ms
[2018.09.06-23.04.45:216][ 32]LogBuildPatchServices: Build Stat: PoorDownloadHealthTime: 0 ms
[2018.09.06-23.04.45:216][ 32]LogBuildPatchServices: Build Stat: DisconnectedDownloadHealthTime: 0 ms
[2018.09.06-23.04.45:216][ 32]LogBuildPatchServices: Build Stat: AverageMemoryStoreUse: 0.5
[2018.09.06-23.04.45:216][ 32]LogBuildPatchServices: Build Stat: PeakMemoryStoreUse: 1
[2018.09.06-23.04.45:216][ 32]LogBuildPatchServices: Build Stat: AverageMemoryStoreRetained: 0.5
[2018.09.06-23.04.45:216][ 32]LogBuildPatchServices: Build Stat: PeakMemoryStoreRetained: 1
[2018.09.06-23.04.45:216][ 32]LogBuildPatchServices: Build Stat: MemoryStoreSize: 336
[2018.09.06-23.04.45:216][ 32]LogEmsContentProvider: Installer complete. Success:1.
[2018.09.06-23.04.45:226][ 32]LogEmsService: ChangedFile: Fortnite-STW.v2sdmeta
[2018.09.06-23.04.45:226][ 32]LogEmsService: ChangedFile: Fortnite.v2product
[2018.09.06-23.04.45:227][ 32]LogEmsContentProvider: Waiting for next version update.
[2018.09.06-23.04.45:981][ 42][SignInRouter]    Navigation Complete.
[2018.09.07-02.40.36:469][316][MainRouter] GoToUrl('/landing')
[2018.09.07-02.40.36:469][316][MainRouter]    Resolved To: '/landing'
[2018.09.07-02.40.36:469][316][MainRouter]    Best Match: invalid - [0] states compared
[2018.09.07-02.40.36:469][316][MainRouter]    Navigating to unknown url failed '/landing'
[2018.09.07-02.40.36:469][316][MainRouter]    Navigation Canceled.
[2018.09.07-02.40.36:502][316]SCommunityPortalMainImpl::Construct UEPVM:4
[2018.09.07-02.40.36:599][316]~SCommunityPortalMainImpl UEPVM:2
[2018.09.07-02.40.36:600][316]FCommunityPortalManagerImpl::RequestExit
[2018.09.07-02.40.36:600][316]FCommunityPortalManagerImpl: Change State CPManagerState_UserLogin->CPManagerState_PreShutdownCleanup
[2018.09.07-02.40.36:607][316]LogSlate: Request Window 'Epic Games Launcher' being destroyed
[2018.09.07-02.40.36:619][317]FCommunityPortalManagerImpl: Change State CPManagerState_PreShutdownCleanup->CPManagerState_Shutdown
[2018.09.07-02.40.36:721][317]FApplicationImpl::Run Main loop exit. GC_Try:3.494808 GC_Time:3.627334 GC_Skip:0
[2018.09.07-02.40.36:749][317]Portal: Destroying App UI Layer
[2018.09.07-02.40.36:749][317][SignInRouter] RedirectToUrl('/null')
[2018.09.07-02.40.36:749][317][SignInRouter]    Resolved To: '/null'
[2018.09.07-02.40.36:749][317][SignInRouter]    Best Match: null
[2018.09.07-02.40.36:758][317][SignInRouter]    Navigation Complete.
[2018.09.07-02.40.36:758][317][SignInRouter] Refresh('/null')
[2018.09.07-02.40.36:758][317][SignInRouter]    Best Match: invalid - [0] states compared
[2018.09.07-02.40.36:758][317][SignInRouter]    Navigation Canceled.
[2018.09.07-02.40.36:759][317]Portal: Destroying App Presentation Layer
[2018.09.07-02.40.36:759][317]FCommunityPortalManagerImpl_SetUnrealEnginePortalViewModel: UnrealEnginePortalViewModel is null
[2018.09.07-02.40.36:759][317]FCommunityPortalManagerImpl::SetUnrealEnginePortalViewModel UEPVM:1
[2018.09.07-02.40.36:759][317]~FPresentationImpl UEPVM:0
[2018.09.07-02.40.36:762][317]Portal: Destroying App Domain Layer
[2018.09.07-02.40.36:768][317]Portal: Destroying App Data Access Layer
[2018.09.07-02.40.36:822][317]LogExit: Preparing to exit.
[2018.09.07-02.40.37:053][317]LogExit: Object subsystem successfully closed.
[2018.09.07-02.40.37:055][317]BuildPatchServicesModule: Shutting Down
[2018.09.07-02.40.37:055][317]VeryVerbose: BuildPatchServicesModule: Removing Ticker
[2018.09.07-02.40.37:055][317]VeryVerbose: BuildPatchServicesModule: Finished shutting down
[2018.09.07-02.40.37:068][317]LogModuleManager: Shutting down and abandoning module WidgetCarousel (54)
[2018.09.07-02.40.37:068][317]LogModuleManager: Shutting down and abandoning module PortalUI (52)
[2018.09.07-02.40.37:068][317]LogModuleManager: Shutting down and abandoning module PortalPresentation (50)
[2018.09.07-02.40.37:068][317]LogModuleManager: Shutting down and abandoning module PortalRpc (48)
[2018.09.07-02.40.37:068][317]LogModuleManager: Shutting down and abandoning module PortalServices (46)
[2018.09.07-02.40.37:068][317]LogModuleManager: Shutting down and abandoning module PortalDomain (44)
[2018.09.07-02.40.37:068][317]LogModuleManager: Shutting down and abandoning module PortalDataAccess (42)
[2018.09.07-02.40.37:068][317]LogModuleManager: Shutting down and abandoning module HardwareSurvey (40)
[2018.09.07-02.40.37:068][317]LogModuleManager: Shutting down and abandoning module MessagingDebugger (34)
[2018.09.07-02.40.37:068][317]LogModuleManager: Shutting down and abandoning module UdpMessaging (32)
[2018.09.07-02.40.37:169][317]LogModuleManager: Shutting down and abandoning module Networking (31)
[2018.09.07-02.40.37:169][317]LogModuleManager: Shutting down and abandoning module Messaging (26)
[2018.09.07-02.40.37:169][317]LogModuleManager: Shutting down and abandoning module AutomationDriver (24)
[2018.09.07-02.40.37:169][317]LogModuleManager: Shutting down and abandoning module ImageWrapper (22)
[2018.09.07-02.40.37:169][317]LogModuleManager: Shutting down and abandoning module InputCore (20)
[2018.09.07-02.40.37:169][317]LogModuleManager: Shutting down and abandoning module DirectoryWatcher (18)
[2018.09.07-02.40.37:169][317]LogModuleManager: Shutting down and abandoning module WebBrowser (16)
[2018.09.07-02.40.37:191][317]LogModuleManager: Shutting down and abandoning module XMPP (11)
[2018.09.07-02.40.37:191][317]LogModuleManager: Shutting down and abandoning module AnalyticsET (8)
[2018.09.07-02.40.37:191][317]LogModuleManager: Shutting down and abandoning module HTTP (7)
[2018.09.07-02.40.37:698][317]LogModuleManager: Shutting down and abandoning module CoreUObject (4)
[2018.09.07-02.40.37:698][317]LogModuleManager: Shutting down and abandoning module SandboxFile (2)
[2018.09.07-02.40.37:698][317]LogExit: Exiting.
[2018.09.07-02.40.37:701][317]Log file closed, 09/06/18 19:40:37
