2018-07-03 23:33:29 -0700 IMDPersistenceAgent[947]: The current SMS database is v11014.  The current schema version is v11027. Can be migrated: YES
2018-07-03 23:33:29 -0700 IMDPersistenceAgent[947]: Beginning migration.  The SMS db is currently at v11014, upgrading to v11027.
2018-07-03 23:33:29 -0700 IMDPersistenceAgent[947]: Integrity checked success
2018-07-03 23:33:29 -0700 IMDPersistenceAgent[947]: Initial Integrity checked success
2018-07-03 23:33:29 -0700 IMDPersistenceAgent[947]: Dropped trigger: after_delete_on_chat_message_join
2018-07-03 23:33:29 -0700 IMDPersistenceAgent[947]: Dropped trigger: after_delete_on_attachment
2018-07-03 23:33:29 -0700 IMDPersistenceAgent[947]: Dropped trigger: after_insert_on_message_attachment_join
2018-07-03 23:33:29 -0700 IMDPersistenceAgent[947]: Dropped trigger: after_delete_on_chat_handle_join
2018-07-03 23:33:29 -0700 IMDPersistenceAgent[947]: Dropped trigger: after_insert_on_chat_message_join
2018-07-03 23:33:29 -0700 IMDPersistenceAgent[947]: Dropped trigger: after_delete_on_message
2018-07-03 23:33:29 -0700 IMDPersistenceAgent[947]: Dropped trigger: update_message_date_after_update_on_message
2018-07-03 23:33:29 -0700 IMDPersistenceAgent[947]: Dropped trigger: add_to_sync_deleted_messages
2018-07-03 23:33:29 -0700 IMDPersistenceAgent[947]: Dropped trigger: after_delete_on_chat
2018-07-03 23:33:29 -0700 IMDPersistenceAgent[947]: Dropped trigger: delete_associated_messages_after_delete_on_message
2018-07-03 23:33:29 -0700 IMDPersistenceAgent[947]: Dropped trigger: before_delete_on_attachment
2018-07-03 23:33:29 -0700 IMDPersistenceAgent[947]: Dropped trigger: add_to_sync_deleted_attachments
2018-07-03 23:33:29 -0700 IMDPersistenceAgent[947]: Dropped trigger: add_to_deleted_messages
2018-07-03 23:33:29 -0700 IMDPersistenceAgent[947]: Dropped trigger: after_delete_on_message_attachment_join
2018-07-03 23:33:29 -0700 IMDPersistenceAgent[947]: Dropped unknown index: chat_message_join_idx_message_id
2018-07-03 23:33:29 -0700 IMDPersistenceAgent[947]: Dropped table (if needed) ok: sqlite_stat1
2018-07-03 23:33:29 -0700 IMDPersistenceAgent[947]: Migrated from 11014 to 11015 ok in 0.021364 seconds
2018-07-03 23:33:29 -0700 IMDPersistenceAgent[947]: Dropped table (if needed) ok: sqlite_stat1
2018-07-03 23:33:29 -0700 IMDPersistenceAgent[947]: Migrated from 11015 to 11016 ok in 0.000549 seconds
2018-07-03 23:33:29 -0700 IMDPersistenceAgent[947]: Dropped table (if needed) ok: sqlite_stat1
2018-07-03 23:33:29 -0700 IMDPersistenceAgent[947]: Migrated from 11016 to 11017 ok in 0.000426 seconds
2018-07-03 23:33:29 -0700 IMDPersistenceAgent[947]: Dropped table (if needed) ok: sqlite_stat1
2018-07-03 23:33:29 -0700 IMDPersistenceAgent[947]: Migrated from 11017 to 11018 ok in 0.000260 seconds
2018-07-03 23:33:29 -0700 IMDPersistenceAgent[947]: Dropped table (if needed) ok: sqlite_stat1
2018-07-03 23:33:29 -0700 IMDPersistenceAgent[947]: Migrated from 11018 to 11019 ok in 0.000200 seconds
2018-07-03 23:33:29 -0700 IMDPersistenceAgent[947]: Dropped table (if needed) ok: sqlite_stat1
2018-07-03 23:33:29 -0700 IMDPersistenceAgent[947]: Adding column sr_server_change_token to chat succeeded: YES
2018-07-03 23:33:29 -0700 IMDPersistenceAgent[947]: Adding column sr_ck_sync_state to chat succeeded: YES
2018-07-03 23:33:29 -0700 IMDPersistenceAgent[947]: Migrated from 11019 to 11020 ok in 0.000827 seconds
2018-07-03 23:33:29 -0700 IMDPersistenceAgent[947]: Dropped table (if needed) ok: sqlite_stat1
2018-07-03 23:33:29 -0700 IMDPersistenceAgent[947]: Adding column sr_ck_sync_state to message succeeded: YES
2018-07-03 23:33:29 -0700 IMDPersistenceAgent[947]: Adding column sr_ck_record_id to message succeeded: YES
2018-07-03 23:33:29 -0700 IMDPersistenceAgent[947]: Adding column sr_ck_record_change_tag to message succeeded: YES
2018-07-03 23:33:29 -0700 IMDPersistenceAgent[947]: Migrated from 11020 to 11021 ok in 0.001624 seconds
2018-07-03 23:33:29 -0700 IMDPersistenceAgent[947]: Dropped table (if needed) ok: sqlite_stat1
2018-07-03 23:33:29 -0700 IMDPersistenceAgent[947]: Adding column sr_ck_record_id to attachment succeeded: YES
2018-07-03 23:33:29 -0700 IMDPersistenceAgent[947]: Adding column sr_ck_sync_state to attachment succeeded: YES
2018-07-03 23:33:29 -0700 IMDPersistenceAgent[947]: Adding column sr_ck_server_change_token_blob to attachment succeeded: YES
2018-07-03 23:33:29 -0700 IMDPersistenceAgent[947]: Migrated from 11021 to 11022 ok in 0.000861 seconds
2018-07-03 23:33:29 -0700 IMDPersistenceAgent[947]: Dropped table (if needed) ok: sqlite_stat1
2018-07-03 23:33:29 -0700 IMDPersistenceAgent[947]: Migrated from 11022 to 11023 ok in 0.000302 seconds
2018-07-03 23:33:29 -0700 IMDPersistenceAgent[947]: Dropped table (if needed) ok: sqlite_stat1
2018-07-03 23:33:29 -0700 IMDPersistenceAgent[947]: Adding column cloudkit_record_id to chat succeeded: YES
2018-07-03 23:33:29 -0700 IMDPersistenceAgent[947]: Adding column sr_cloudkit_record_id to chat succeeded: YES
2018-07-03 23:33:29 -0700 IMDPersistenceAgent[947]: Migrated from 11023 to 11024 ok in 0.000743 seconds
2018-07-03 23:33:29 -0700 IMDPersistenceAgent[947]: Dropped table (if needed) ok: sqlite_stat1
2018-07-03 23:33:29 -0700 IMDPersistenceAgent[947]: Migrated from 11024 to 11025 ok in 0.000180 seconds
2018-07-03 23:33:29 -0700 IMDPersistenceAgent[947]: Dropped table (if needed) ok: sqlite_stat1
2018-07-03 23:33:29 -0700 IMDPersistenceAgent[947]: Migrated from 11025 to 11026 ok in 0.000160 seconds
2018-07-03 23:33:29 -0700 IMDPersistenceAgent[947]: Dropped table (if needed) ok: sqlite_stat1
2018-07-03 23:33:29 -0700 IMDPersistenceAgent[947]: Migrated from 11026 to 11027 ok in 0.000236 seconds
2018-07-03 23:33:29 -0700 IMDPersistenceAgent[947]: Created table (if needed) ok: deleted_messages
2018-07-03 23:33:29 -0700 IMDPersistenceAgent[947]: Created table (if needed) ok: chat_handle_join
2018-07-03 23:33:29 -0700 IMDPersistenceAgent[947]: Created table (if needed) ok: sync_deleted_messages
2018-07-03 23:33:29 -0700 IMDPersistenceAgent[947]: Created table (if needed) ok: message_processing_task
2018-07-03 23:33:29 -0700 IMDPersistenceAgent[947]: Created table (if needed) ok: handle
2018-07-03 23:33:29 -0700 IMDPersistenceAgent[947]: Created table (if needed) ok: sync_deleted_chats
2018-07-03 23:33:29 -0700 IMDPersistenceAgent[947]: Created table (if needed) ok: message_attachment_join
2018-07-03 23:33:29 -0700 IMDPersistenceAgent[947]: Created table (if needed) ok: sync_deleted_attachments
2018-07-03 23:33:29 -0700 IMDPersistenceAgent[947]: Created table (if needed) ok: kvtable
2018-07-03 23:33:29 -0700 IMDPersistenceAgent[947]: Created table (if needed) ok: chat_message_join
2018-07-03 23:33:29 -0700 IMDPersistenceAgent[947]: Created index ok: message_attachment_join_idx_message_id
2018-07-03 23:33:29 -0700 IMDPersistenceAgent[947]: Created index ok: chat_handle_join_idx_handle_id
2018-07-03 23:33:29 -0700 IMDPersistenceAgent[947]: Created index ok: message_attachment_join_idx_attachment_id
2018-07-03 23:33:29 -0700 IMDPersistenceAgent[947]: Created index ok: message_idx_date
2018-07-03 23:33:29 -0700 IMDPersistenceAgent[947]: Created index ok: message_idx_handle
2018-07-03 23:33:29 -0700 IMDPersistenceAgent[947]: Created index ok: message_idx_handle_id
2018-07-03 23:33:29 -0700 IMDPersistenceAgent[947]: Created index ok: chat_message_join_idx_message_id_only
2018-07-03 23:33:29 -0700 IMDPersistenceAgent[947]: Created index ok: message_idx_associated_message
2018-07-03 23:33:29 -0700 IMDPersistenceAgent[947]: Created index ok: chat_idx_chat_identifier
2018-07-03 23:33:29 -0700 IMDPersistenceAgent[947]: Created index ok: message_processing_task_idx_guid_task_flags
2018-07-03 23:33:29 -0700 IMDPersistenceAgent[947]: Created index ok: chat_message_join_idx_chat_id
2018-07-03 23:33:29 -0700 IMDPersistenceAgent[947]: Created index ok: message_idx_cache_has_attachments
2018-07-03 23:33:29 -0700 IMDPersistenceAgent[947]: Created index ok: chat_idx_chat_room_name_service_name
2018-07-03 23:33:29 -0700 IMDPersistenceAgent[947]: Created index ok: message_idx_other_handle
2018-07-03 23:33:29 -0700 IMDPersistenceAgent[947]: Created index ok: chat_message_join_idx_message_id_date_chat_id
2018-07-03 23:33:29 -0700 IMDPersistenceAgent[947]: Created index ok: message_idx_was_downgraded
2018-07-03 23:33:29 -0700 IMDPersistenceAgent[947]: Created index ok: chat_idx_is_archived
2018-07-03 23:33:29 -0700 IMDPersistenceAgent[947]: Created index ok: chat_idx_chat_identifier_service_name
2018-07-03 23:33:29 -0700 IMDPersistenceAgent[947]: Created index ok: message_idx_expire_state
2018-07-03 23:33:29 -0700 IMDPersistenceAgent[947]: Created index ok: message_idx_is_read
2018-07-03 23:33:29 -0700 IMDPersistenceAgent[947]: Created index ok: message_idx_failed
2018-07-03 23:33:29 -0700 IMDPersistenceAgent[947]: Created index ok: message_idx_isRead_isFromMe_itemType
2018-07-03 23:33:29 -0700 IMDPersistenceAgent[947]: Created trigger ok: after_delete_on_chat_message_join, trigger: CREATE TRIGGER IF NOT EXISTS after_delete_on_chat_message_join AFTER DELETE ON chat_message_join BEGIN     UPDATE message       SET cache_roomnames = (         SELECT group_concat(c.room_name)         FROM chat c         INNER JOIN chat_message_join j ON c.ROWID = j.chat_id         WHERE           j.message_id = OLD.message_id       )       WHERE         message.ROWID = OLD.message_id;  DELETE FROM message WHERE message.ROWID = OLD.message_id AND OLD.message_id NOT IN (SELECT chat_message_join.message_id from chat_message_join WHERE chat_message_join.message_id = OLD.message_id LIMIT 1); END
2018-07-03 23:33:29 -0700 IMDPersistenceAgent[947]: Created trigger ok: after_delete_on_attachment, trigger: CREATE TRIGGER IF NOT EXISTS after_delete_on_attachment AFTER DELETE ON attachment BEGIN   SELECT delete_attachment_path(OLD.filename); END
2018-07-03 23:33:29 -0700 IMDPersistenceAgent[947]: Created trigger ok: after_insert_on_message_attachment_join, trigger: CREATE TRIGGER IF NOT EXISTS after_insert_on_message_attachment_join AFTER INSERT ON message_attachment_join BEGIN     UPDATE message       SET cache_has_attachments = 1     WHERE       message.ROWID = NEW.message_id; END
2018-07-03 23:33:29 -0700 IMDPersistenceAgent[947]: Created trigger ok: after_delete_on_chat_handle_join, trigger: CREATE TRIGGER IF NOT EXISTS after_delete_on_chat_handle_join AFTER DELETE ON chat_handle_join BEGIN     DELETE FROM handle         WHERE handle.ROWID = OLD.handle_id     AND         (SELECT 1 from chat_handle_join WHERE handle_id = OLD.handle_id LIMIT 1) IS NULL     AND         (SELECT 1 from message WHERE handle_id = OLD.handle_id LIMIT 1) IS NULL     AND         (SELECT 1 from message WHERE other_handle = OLD.handle_id LIMIT 1) IS NULL; END
2018-07-03 23:33:29 -0700 IMDPersistenceAgent[947]: Created trigger ok: after_insert_on_chat_message_join , trigger: CREATE TRIGGER IF NOT EXISTS after_insert_on_chat_message_join  AFTER INSERT ON chat_message_join BEGIN     UPDATE message       SET cache_roomnames = (         SELECT group_concat(c.room_name)         FROM chat c         INNER JOIN chat_message_join j ON c.ROWID = j.chat_id         WHERE           j.message_id = NEW.message_id       )       WHERE         message.ROWID = NEW.message_id; END
2018-07-03 23:33:29 -0700 IMDPersistenceAgent[947]: Created trigger ok: after_delete_on_message, trigger: CREATE TRIGGER IF NOT EXISTS after_delete_on_message AFTER DELETE ON message BEGIN     DELETE FROM handle         WHERE handle.ROWID = OLD.handle_id     AND         (SELECT 1 from chat_handle_join WHERE handle_id = OLD.handle_id LIMIT 1) IS NULL     AND         (SELECT 1 from message WHERE handle_id = OLD.handle_id LIMIT 1) IS NULL     AND         (SELECT 1 from message WHERE other_handle = OLD.handle_id LIMIT 1) IS NULL; END
2018-07-03 23:33:29 -0700 IMDPersistenceAgent[947]: Created trigger ok: update_message_date_after_update_on_message, trigger: CREATE TRIGGER IF NOT EXISTS update_message_date_after_update_on_message AFTER UPDATE OF date ON message BEGIN UPDATE chat_message_join SET message_date = NEW.date WHERE message_id = NEW.ROWID AND message_date != NEW.date; END
2018-07-03 23:33:29 -0700 IMDPersistenceAgent[947]: Created trigger ok: add_to_sync_deleted_messages, trigger: CREATE TRIGGER IF NOT EXISTS add_to_sync_deleted_messages AFTER DELETE ON message BEGIN     INSERT INTO sync_deleted_messages (guid, recordID) VALUES (OLD.guid, OLD.ck_record_id); END
2018-07-03 23:33:29 -0700 IMDPersistenceAgent[947]: Created trigger ok: after_delete_on_chat, trigger: CREATE TRIGGER IF NOT EXISTS after_delete_on_chat AFTER DELETE ON chat BEGIN DELETE FROM chat_message_join WHERE chat_id = OLD.ROWID; END
2018-07-03 23:33:29 -0700 IMDPersistenceAgent[947]: Created trigger ok: delete_associated_messages_after_delete_on_message, trigger: CREATE TRIGGER IF NOT EXISTS delete_associated_messages_after_delete_on_message AFTER DELETE ON message BEGIN DELETE FROM message WHERE (OLD.associated_message_guid IS NULL AND associated_message_guid IS NOT NULL AND guid = OLD.associated_message_guid); END
2018-07-03 23:33:29 -0700 IMDPersistenceAgent[947]: Created trigger ok: before_delete_on_attachment, trigger: CREATE TRIGGER IF NOT EXISTS before_delete_on_attachment BEFORE DELETE ON attachment BEGIN   SELECT before_delete_attachment_path(OLD.ROWID, OLD.guid); END
2018-07-03 23:33:29 -0700 IMDPersistenceAgent[947]: Created trigger ok: add_to_sync_deleted_attachments, trigger: CREATE TRIGGER IF NOT EXISTS add_to_sync_deleted_attachments AFTER DELETE ON attachment BEGIN     INSERT INTO sync_deleted_attachments (guid, recordID) VALUES (OLD.guid, OLD.ck_record_id); END
2018-07-03 23:33:29 -0700 IMDPersistenceAgent[947]: Created trigger ok: add_to_deleted_messages, trigger: CREATE TRIGGER IF NOT EXISTS add_to_deleted_messages AFTER DELETE ON message BEGIN     INSERT INTO deleted_messages (guid) VALUES (OLD.guid); END
2018-07-03 23:33:29 -0700 IMDPersistenceAgent[947]: Created trigger ok: after_delete_on_message_attachment_join, trigger: CREATE TRIGGER IF NOT EXISTS after_delete_on_message_attachment_join AFTER DELETE ON message_attachment_join BEGIN     DELETE FROM attachment         WHERE attachment.ROWID = OLD.attachment_id     AND         (SELECT 1 from message_attachment_join WHERE attachment_id = OLD.attachment_id LIMIT 1) IS NULL; END
2018-07-03 23:33:29 -0700 IMDPersistenceAgent[947]: Integrity checked success
2018-07-03 23:33:29 -0700 IMDPersistenceAgent[947]: Message database migration passed post migrate integrity check
2018-07-03 23:33:29 -0700 IMDPersistenceAgent[947]: Message's DB migration took 0.040705 seconds.
