Wed Jul 11 14:48:47 2018(1014)-> ProtectionMerge: postponing merge until first XPC message for CPU boost
Wed Jul 11 14:52:45 2018(1221)-> ProtectionMerge: postponing merge until first XPC message for CPU boost
Wed Jul 11 14:56:16 2018(1419)-> ProtectionMerge: postponing merge until first XPC message for CPU boost
Wed Jul 11 18:50:54 2018(1614)-> ProtectionMerge: postponing merge until first XPC message for CPU boost
Wed Jul 11 19:03:27 2018(1962)-> ProtectionMerge: postponing merge until first XPC message for CPU boost
Thu Jul 12 14:39:10 2018(2708)-> ProtectionMerge: postponing merge until first XPC message for CPU boost
Thu Jul 12 14:44:10 2018(2944)-> ProtectionMerge: postponing merge until first XPC message for CPU boost
Fri Jul 13 19:06:21 2018(831)-> ProtectionMerge: postponing merge until first XPC message for CPU boost
Tue Jul 17 22:24:55 2018(981)-> ProtectionMerge: postponing merge until first XPC message for CPU boost
Wed Jul 18 01:09:03 2018(3944)-> ProtectionMerge: postponing merge until first XPC message for CPU boost
Wed Jul 18 23:57:10 2018(801)-> ProtectionMerge: postponing merge until first XPC message for CPU boost
Wed Jul 18 23:59:54 2018(996)-> ProtectionMerge: postponing merge until first XPC message for CPU boost
Thu Jul 19 00:46:56 2018(2212)-> ProtectionMerge: postponing merge until first XPC message for CPU boost
Fri Jul 20 22:34:08 2018(1104)-> ProtectionMerge: postponing merge until first XPC message for CPU boost
Tue Jul 24 00:21:35 2018(1576)-> ProtectionMerge: postponing merge until first XPC message for CPU boost
Tue Jul 24 01:14:29 2018(2687)-> ProtectionMerge: postponing merge until first XPC message for CPU boost
Tue Jul 24 02:21:53 2018(4325)-> ProtectionMerge: postponing merge until first XPC message for CPU boost
Tue Jul 24 23:05:20 2018(886)-> ProtectionMerge: postponing merge until first XPC message for CPU boost
Wed Jul 25 16:15:57 2018(759)-> ProtectionMerge: postponing merge until first XPC message for CPU boost
Wed Jul 25 17:36:45 2018(2114)-> ProtectionMerge: postponing merge until first XPC message for CPU boost
Wed Jul 25 19:12:35 2018(2280)-> ProtectionMerge: postponing merge until first XPC message for CPU boost
Fri Jul 27 23:07:53 2018(1160)-> ProtectionMerge: postponing merge until first XPC message for CPU boost
Sat Jul 28 00:39:14 2018(4072)-> ProtectionMerge: postponing merge until first XPC message for CPU boost
Mon Jul 30 15:42:03 2018(854)-> ProtectionMerge: postponing merge until first XPC message for CPU boost
Sun Aug  5 22:36:12 2018(1234)-> ProtectionMerge: postponing merge until first XPC message for CPU boost
Tue Sep  4 23:29:35 2018(3691)-> ProtectionMerge: postponing merge until first XPC message for CPU boost
Wed Sep 12 09:56:19 2018(1036)-> ProtectionMerge: postponing merge until first XPC message for CPU boost
